2016-05-12 18:34:28,501 [Worker-2] INFO  o.e.m.c.i.l.LifecycleMappingFactory - Using org.eclipse.m2e.jdt.JarLifecycleMapping lifecycle mapping for MavenProject: com.crowd:crowd-dal:1.0-SNAPSHOT @ /Users/jinx/Documents/jobs/800_api/crowd-dal/pom.xml.
2016-05-12 18:34:28,517 [Worker-2] WARN  o.e.m.c.i.embedder.EclipseLogger - The POM for com.crowd:crowd-common:jar:1.0-SNAPSHOT is missing, no dependency information available
2016-05-12 18:34:28,884 [Worker-2] WARN  o.e.m.c.i.embedder.EclipseLogger - The POM for nl.justobjects.pushlet:pushlet:jar:2.0.4 is missing, no dependency information available
2016-05-12 18:34:29,599 [Worker-3] INFO  o.e.m.c.i.l.LifecycleMappingFactory - Using org.eclipse.m2e.jdt.JarLifecycleMapping lifecycle mapping for MavenProject: com.crowd:crowd-biz:1.0-SNAPSHOT @ /Users/jinx/Documents/jobs/800_api/crowd-biz/pom.xml.
2016-05-12 18:34:29,604 [Worker-3] WARN  o.e.m.c.i.embedder.EclipseLogger - The POM for com.crowd:crowd-common:jar:1.0-SNAPSHOT is missing, no dependency information available
2016-05-12 18:34:29,892 [Worker-3] WARN  o.e.m.c.i.embedder.EclipseLogger - The POM for nl.justobjects.pushlet:pushlet:jar:2.0.4 is missing, no dependency information available
2016-05-12 18:34:30,288 [Worker-13] INFO  o.e.m.c.i.l.LifecycleMappingFactory - Using NULL lifecycle mapping for MavenProject: com.crowd:crowd:1.0-SNAPSHOT @ /Users/jinx/Documents/jobs/800_api/crowd/pom.xml.
2016-05-12 18:34:30,515 [Worker-13] INFO  o.e.m.c.i.l.LifecycleMappingFactory - Using org.eclipse.m2e.jdt.JarLifecycleMapping lifecycle mapping for MavenProject: com.crowd:crowd-dal:1.0-SNAPSHOT @ /Users/jinx/Documents/jobs/800_api/crowd-dal/pom.xml.
2016-05-12 18:34:30,519 [Worker-13] WARN  o.e.m.c.i.embedder.EclipseLogger - The POM for com.crowd:crowd-common:jar:1.0-SNAPSHOT is missing, no dependency information available
2016-05-12 18:34:30,724 [Worker-13] WARN  o.e.m.c.i.embedder.EclipseLogger - The POM for nl.justobjects.pushlet:pushlet:jar:2.0.4 is missing, no dependency information available
2016-05-12 18:34:30,862 [Worker-13] INFO  o.e.m.c.i.l.LifecycleMappingFactory - Using org.eclipse.m2e.jdt.JarLifecycleMapping lifecycle mapping for MavenProject: com.crowd:crowd-biz:1.0-SNAPSHOT @ /Users/jinx/Documents/jobs/800_api/crowd-biz/pom.xml.
2016-05-12 18:34:31,155 [Worker-10] INFO  o.e.m.c.i.l.LifecycleMappingFactory - Using org.eclipse.m2e.jdt.JarLifecycleMapping lifecycle mapping for MavenProject: com.crowd:crowd-common:1.0-SNAPSHOT @ /Users/jinx/Documents/jobs/800_api/crowd-common/pom.xml.
2016-05-12 18:34:31,342 [Worker-10] WARN  o.e.m.c.i.embedder.EclipseLogger - The POM for nl.justobjects.pushlet:pushlet:jar:2.0.4 is missing, no dependency information available
2016-05-12 18:34:31,448 [Worker-10] INFO  o.e.m.c.i.l.LifecycleMappingFactory - Using org.eclipse.m2e.jdt.JarLifecycleMapping lifecycle mapping for MavenProject: com.crowd:crowd-dal:1.0-SNAPSHOT @ /Users/jinx/Documents/jobs/800_api/crowd-dal/pom.xml.
2016-05-12 18:34:31,542 [Worker-10] INFO  o.e.m.c.i.l.LifecycleMappingFactory - Using org.eclipse.m2e.jdt.JarLifecycleMapping lifecycle mapping for MavenProject: com.crowd:crowd-biz:1.0-SNAPSHOT @ /Users/jinx/Documents/jobs/800_api/crowd-biz/pom.xml.
2016-05-12 18:34:31,869 [Worker-13] INFO  o.e.m.c.i.p.ProjectConfigurationManager - Update started
2016-05-12 18:34:31,945 [Worker-13] INFO  o.e.m.c.i.l.LifecycleMappingFactory - Using NULL lifecycle mapping for MavenProject: com.crowd:crowd:1.0-SNAPSHOT @ /Users/jinx/Documents/jobs/800_api/crowd/pom.xml.
2016-05-12 18:34:32,158 [Worker-13] INFO  o.e.m.c.i.l.LifecycleMappingFactory - Using org.eclipse.m2e.jdt.JarLifecycleMapping lifecycle mapping for MavenProject: com.crowd:crowd-common:1.0-SNAPSHOT @ /Users/jinx/Documents/jobs/800_api/crowd-common/pom.xml.
2016-05-12 18:34:32,321 [Worker-13] WARN  o.e.m.c.i.embedder.EclipseLogger - The POM for nl.justobjects.pushlet:pushlet:jar:2.0.4 is missing, no dependency information available
2016-05-12 18:34:32,394 [Worker-13] INFO  o.e.m.c.i.l.LifecycleMappingFactory - Using org.eclipse.m2e.jdt.JarLifecycleMapping lifecycle mapping for MavenProject: com.crowd:crowd-dal:1.0-SNAPSHOT @ /Users/jinx/Documents/jobs/800_api/crowd-dal/pom.xml.
2016-05-12 18:34:32,456 [Worker-13] INFO  o.e.m.c.i.l.LifecycleMappingFactory - Using org.eclipse.m2e.jdt.JarLifecycleMapping lifecycle mapping for MavenProject: com.crowd:crowd-biz:1.0-SNAPSHOT @ /Users/jinx/Documents/jobs/800_api/crowd-biz/pom.xml.
2016-05-12 18:34:32,604 [Worker-2] INFO  o.e.m.j.i.AbstractJavaProjectConfigurator - Adding source folder /crowd-dal/src/main/java
2016-05-12 18:34:32,604 [Worker-2] INFO  o.e.m.j.i.AbstractJavaProjectConfigurator - Adding resource folder /crowd-dal/src/main/resources
2016-05-12 18:34:32,679 [Worker-5] INFO  o.e.m.c.i.l.LifecycleMappingFactory - Using org.maven.ide.eclipse.wtp.WarLifecycleMapping lifecycle mapping for MavenProject: com.crowd:crowd-web:1.0-SNAPSHOT @ /Users/jinx/Documents/jobs/800_api/crowd-web/pom.xml.
2016-05-12 18:34:32,846 [Worker-5] WARN  o.e.m.c.i.embedder.EclipseLogger - The POM for nl.justobjects.pushlet:pushlet:jar:2.0.4 is missing, no dependency information available
2016-05-12 18:34:33,309 [Worker-2] INFO  o.e.m.j.i.AbstractJavaProjectConfigurator - Adding source folder /crowd-dal/src/test/java
2016-05-12 18:34:33,319 [Worker-10] INFO  o.e.m.j.i.AbstractJavaProjectConfigurator - Adding source folder /crowd-common/src/main/java
2016-05-12 18:34:33,319 [Worker-10] INFO  o.e.m.j.i.AbstractJavaProjectConfigurator - Adding resource folder /crowd-common/src/main/resources
2016-05-12 18:34:33,335 [Worker-3] INFO  o.e.m.j.i.AbstractJavaProjectConfigurator - Adding source folder /crowd-biz/src/main/java
2016-05-12 18:34:33,336 [Worker-3] INFO  o.e.m.j.i.AbstractJavaProjectConfigurator - Adding resource folder /crowd-biz/src/main/resources
2016-05-12 18:34:33,339 [Worker-10] INFO  o.e.m.j.i.AbstractJavaProjectConfigurator - Adding source folder /crowd-common/src/test/java
2016-05-12 18:34:33,534 [Worker-3] INFO  o.e.m.j.i.AbstractJavaProjectConfigurator - Adding source folder /crowd-biz/src/test/java
2016-05-12 18:34:33,548 [Worker-5] INFO  o.e.m.j.i.AbstractJavaProjectConfigurator - Adding source folder /crowd-web/src/main/java
2016-05-12 18:34:33,548 [Worker-5] INFO  o.e.m.j.i.AbstractJavaProjectConfigurator - Resources folder /crowd-web/src/main/java overlaps with sources folder /crowd-web/src/main/java
2016-05-12 18:34:33,550 [Worker-5] INFO  o.e.m.j.i.AbstractJavaProjectConfigurator - Adding resource folder /crowd-web/src/main/resources
2016-05-12 18:34:33,576 [Worker-13] INFO  o.e.m.c.i.p.ProjectConfigurationManager - Update completed: 1 sec
2016-05-12 18:34:33,576 [Worker-5] INFO  o.e.m.j.i.AbstractJavaProjectConfigurator - Adding source folder /crowd-web/src/test/java
2016-05-12 18:34:34,015 [Worker-10] INFO  o.e.m.c.i.p.ProjectConfigurationManager - Update started
2016-05-12 18:34:34,146 [Worker-10] INFO  o.e.m.c.i.l.LifecycleMappingFactory - Using org.eclipse.m2e.jdt.JarLifecycleMapping lifecycle mapping for MavenProject: com.crowd:crowd-common:1.0-SNAPSHOT @ /Users/jinx/Documents/jobs/800_api/crowd-common/pom.xml.
2016-05-12 18:34:34,379 [Worker-10] WARN  o.e.m.c.i.embedder.EclipseLogger - The POM for nl.justobjects.pushlet:pushlet:jar:2.0.4 is missing, no dependency information available
2016-05-12 18:34:34,630 [Worker-3] INFO  o.e.m.c.i.p.ProjectConfigurationManager - Update started
2016-05-12 18:34:34,630 [Worker-2] INFO  o.e.m.c.i.p.ProjectConfigurationManager - Update started
2016-05-12 18:34:34,992 [Worker-10] INFO  o.e.m.j.i.AbstractJavaProjectConfigurator - Adding source folder /crowd-common/src/main/java
2016-05-12 18:34:34,992 [Worker-10] INFO  o.e.m.j.i.AbstractJavaProjectConfigurator - Adding resource folder /crowd-common/src/main/resources
2016-05-12 18:34:34,994 [Worker-10] INFO  o.e.m.j.i.AbstractJavaProjectConfigurator - Adding source folder /crowd-common/src/test/java
2016-05-12 18:34:35,037 [Worker-3] INFO  o.e.m.c.i.l.LifecycleMappingFactory - Using org.eclipse.m2e.jdt.JarLifecycleMapping lifecycle mapping for MavenProject: com.crowd:crowd-biz:1.0-SNAPSHOT @ /Users/jinx/Documents/jobs/800_api/crowd-biz/pom.xml.
2016-05-12 18:34:35,228 [Worker-3] WARN  o.e.m.c.i.embedder.EclipseLogger - The POM for nl.justobjects.pushlet:pushlet:jar:2.0.4 is missing, no dependency information available
2016-05-12 18:34:35,432 [Worker-3] INFO  o.e.m.j.i.AbstractJavaProjectConfigurator - Adding source folder /crowd-biz/src/main/java
2016-05-12 18:34:35,432 [Worker-3] INFO  o.e.m.j.i.AbstractJavaProjectConfigurator - Adding resource folder /crowd-biz/src/main/resources
2016-05-12 18:34:35,433 [Worker-3] INFO  o.e.m.j.i.AbstractJavaProjectConfigurator - Adding source folder /crowd-biz/src/test/java
2016-05-12 18:34:36,371 [Worker-10] INFO  o.e.m.c.i.p.ProjectConfigurationManager - Update completed: 2 sec
2016-05-12 18:34:36,408 [Worker-2] INFO  o.e.m.c.i.l.LifecycleMappingFactory - Using org.eclipse.m2e.jdt.JarLifecycleMapping lifecycle mapping for MavenProject: com.crowd:crowd-dal:1.0-SNAPSHOT @ /Users/jinx/Documents/jobs/800_api/crowd-dal/pom.xml.
2016-05-12 18:34:36,574 [Worker-2] WARN  o.e.m.c.i.embedder.EclipseLogger - The POM for nl.justobjects.pushlet:pushlet:jar:2.0.4 is missing, no dependency information available
2016-05-12 18:34:36,721 [Worker-2] INFO  o.e.m.j.i.AbstractJavaProjectConfigurator - Adding source folder /crowd-dal/src/main/java
2016-05-12 18:34:36,721 [Worker-2] INFO  o.e.m.j.i.AbstractJavaProjectConfigurator - Adding resource folder /crowd-dal/src/main/resources
2016-05-12 18:34:36,722 [Worker-2] INFO  o.e.m.j.i.AbstractJavaProjectConfigurator - Adding source folder /crowd-dal/src/test/java
2016-05-12 18:34:36,936 [Worker-3] INFO  o.e.m.c.i.p.ProjectConfigurationManager - Update completed: 2 sec
2016-05-12 18:34:36,996 [Worker-2] INFO  o.e.m.c.i.p.ProjectConfigurationManager - Update completed: 2 sec
2016-05-12 18:34:38,484 [Worker-4] INFO  o.e.m.c.i.embedder.EclipseLogger - Using 'UTF-8' encoding to copy filtered resources.
2016-05-12 18:34:38,487 [Worker-4] INFO  o.e.m.c.i.embedder.EclipseLogger - Copying 0 resource
2016-05-12 18:34:38,489 [Worker-4] INFO  o.e.m.c.i.embedder.EclipseLogger - Using 'UTF-8' encoding to copy filtered resources.
2016-05-12 18:34:38,489 [Worker-4] INFO  o.e.m.c.i.embedder.EclipseLogger - skip non existing resourceDirectory /Users/jinx/Documents/jobs/800_api/crowd-common/src/test/resources
2016-05-12 18:34:39,886 [Worker-5] WARN  o.e.m.c.i.embedder.EclipseLogger - The POM for nl.justobjects.pushlet:pushlet:jar:2.0.4 is missing, no dependency information available
2016-05-12 18:34:39,953 [Worker-5] INFO  o.e.m.c.i.p.ProjectConfigurationManager - Update started
2016-05-12 18:34:40,216 [Worker-5] INFO  o.e.m.c.i.l.LifecycleMappingFactory - Using org.maven.ide.eclipse.wtp.WarLifecycleMapping lifecycle mapping for MavenProject: com.crowd:crowd-web:1.0-SNAPSHOT @ /Users/jinx/Documents/jobs/800_api/crowd-web/pom.xml.
2016-05-12 18:34:40,376 [Worker-5] WARN  o.e.m.c.i.embedder.EclipseLogger - The POM for nl.justobjects.pushlet:pushlet:jar:2.0.4 is missing, no dependency information available
2016-05-12 18:34:42,005 [Worker-5] WARN  o.e.m.c.i.embedder.EclipseLogger - The POM for nl.justobjects.pushlet:pushlet:jar:2.0.4 is missing, no dependency information available
2016-05-12 18:34:42,737 [Worker-5] INFO  o.e.m.j.i.AbstractJavaProjectConfigurator - Adding source folder /crowd-web/src/main/java
2016-05-12 18:34:42,737 [Worker-5] INFO  o.e.m.j.i.AbstractJavaProjectConfigurator - Resources folder /crowd-web/src/main/java overlaps with sources folder /crowd-web/src/main/java
2016-05-12 18:34:42,738 [Worker-5] INFO  o.e.m.j.i.AbstractJavaProjectConfigurator - Adding resource folder /crowd-web/src/main/resources
2016-05-12 18:34:42,738 [Worker-5] INFO  o.e.m.j.i.AbstractJavaProjectConfigurator - Adding source folder /crowd-web/src/test/java
2016-05-12 18:34:43,176 [Worker-4] INFO  o.e.m.c.i.embedder.EclipseLogger - Using 'UTF-8' encoding to copy filtered resources.
2016-05-12 18:34:43,177 [Worker-4] INFO  o.e.m.c.i.embedder.EclipseLogger - Copying 0 resource
2016-05-12 18:34:43,179 [Worker-4] INFO  o.e.m.c.i.embedder.EclipseLogger - Using 'UTF-8' encoding to copy filtered resources.
2016-05-12 18:34:43,179 [Worker-4] INFO  o.e.m.c.i.embedder.EclipseLogger - skip non existing resourceDirectory /Users/jinx/Documents/jobs/800_api/crowd-common/src/test/resources
2016-05-12 18:34:43,243 [Worker-4] INFO  o.e.m.c.i.embedder.EclipseLogger - Using 'UTF-8' encoding to copy filtered resources.
2016-05-12 18:34:43,243 [Worker-4] INFO  o.e.m.c.i.embedder.EclipseLogger - Copying 0 resource
2016-05-12 18:34:43,244 [Worker-4] INFO  o.e.m.c.i.embedder.EclipseLogger - Using 'UTF-8' encoding to copy filtered resources.
2016-05-12 18:34:43,244 [Worker-4] INFO  o.e.m.c.i.embedder.EclipseLogger - skip non existing resourceDirectory /Users/jinx/Documents/jobs/800_api/crowd-dal/src/test/resources
2016-05-12 18:34:43,291 [Worker-4] INFO  o.e.m.c.i.embedder.EclipseLogger - Using 'UTF-8' encoding to copy filtered resources.
2016-05-12 18:34:43,291 [Worker-4] INFO  o.e.m.c.i.embedder.EclipseLogger - Copying 0 resource
2016-05-12 18:34:43,292 [Worker-4] INFO  o.e.m.c.i.embedder.EclipseLogger - Using 'UTF-8' encoding to copy filtered resources.
2016-05-12 18:34:43,292 [Worker-4] INFO  o.e.m.c.i.embedder.EclipseLogger - skip non existing resourceDirectory /Users/jinx/Documents/jobs/800_api/crowd-biz/src/test/resources
2016-05-12 18:34:43,336 [Worker-5] WARN  o.e.m.c.i.embedder.EclipseLogger - The POM for nl.justobjects.pushlet:pushlet:jar:2.0.4 is missing, no dependency information available
2016-05-12 18:34:59,038 [Worker-5] INFO  o.e.m.w.i.f.ResourceFilteringBuildParticipant - Cleaning filtered folder for crowd-web
2016-05-12 18:34:59,048 [Worker-5] INFO  o.e.m.c.i.p.ProjectConfigurationManager - Update completed: 19 sec
2016-05-12 18:35:07,770 [Worker-4] WARN  o.e.m.c.i.embedder.EclipseLogger - The POM for nl.justobjects.pushlet:pushlet:jar:2.0.4 is missing, no dependency information available
2016-05-12 18:35:07,825 [Worker-4] INFO  o.e.m.c.i.embedder.EclipseLogger - Using 'UTF-8' encoding to copy filtered resources.
2016-05-12 18:35:07,825 [Worker-4] INFO  o.e.m.c.i.embedder.EclipseLogger - Copying 0 resource
2016-05-12 18:35:07,826 [Worker-4] INFO  o.e.m.c.i.embedder.EclipseLogger - Copying 9 resources
2016-05-12 18:35:07,834 [Worker-4] INFO  o.e.m.c.i.embedder.EclipseLogger - Using 'UTF-8' encoding to copy filtered resources.
2016-05-12 18:35:07,834 [Worker-4] INFO  o.e.m.c.i.embedder.EclipseLogger - skip non existing resourceDirectory /Users/jinx/Documents/jobs/800_api/crowd-web/src/test/resources
2016-05-12 18:35:07,834 [Worker-4] INFO  o.e.m.w.i.f.ResourceFilteringBuildParticipant - Changed resources require a complete clean of filtered resources of crowd-web
2016-05-12 18:35:07,835 [Worker-4] INFO  o.e.m.w.i.f.ResourceFilteringBuildParticipant - Executing resource filtering for crowd-web
2016-05-12 18:35:07,848 [Worker-4] INFO  o.e.m.c.i.embedder.EclipseLogger - Using 'UTF-8' encoding to copy filtered resources.
2016-05-12 18:36:02,162 [Worker-16] INFO  o.e.m.i.launch.MavenLaunchDelegate - /Users/jinx/Documents/jobs/800_api/crowd
2016-05-12 18:36:02,162 [Worker-16] INFO  o.e.m.i.launch.MavenLaunchDelegate -  mvn  -B generate-sources
2016-05-12 19:03:24,679 [Worker-10] INFO  o.e.m.c.i.l.LifecycleMappingFactory - Using NULL lifecycle mapping for MavenProject: com.crowd:crowd:1.0-SNAPSHOT @ /Users/jinx/Documents/jobs/800_api/crowd/pom.xml.
2016-05-12 19:03:25,683 [Worker-6] INFO  o.e.m.c.i.l.LifecycleMappingFactory - Using NULL lifecycle mapping for MavenProject: com.crowd:crowd:1.0-SNAPSHOT @ /Users/jinx/Documents/jobs/800_api/crowd/pom.xml.
2016-05-12 19:03:26,507 [Worker-6] INFO  o.e.m.c.i.l.LifecycleMappingFactory - Using org.eclipse.m2e.jdt.JarLifecycleMapping lifecycle mapping for MavenProject: com.crowd:crowd-biz:1.0-SNAPSHOT @ /Users/jinx/Documents/jobs/800_api/crowd-biz/pom.xml.
2016-05-12 19:03:26,541 [Worker-10] INFO  o.e.m.c.i.l.LifecycleMappingFactory - Using org.eclipse.m2e.jdt.JarLifecycleMapping lifecycle mapping for MavenProject: com.crowd:crowd-common:1.0-SNAPSHOT @ /Users/jinx/Documents/jobs/800_api/crowd-common/pom.xml.
2016-05-12 19:03:27,263 [Worker-6] WARN  o.e.m.c.i.embedder.EclipseLogger - The POM for nl.justobjects.pushlet:pushlet:jar:2.0.4 is missing, no dependency information available
2016-05-12 19:03:27,276 [Worker-10] WARN  o.e.m.c.i.embedder.EclipseLogger - The POM for nl.justobjects.pushlet:pushlet:jar:2.0.4 is missing, no dependency information available
2016-05-12 19:03:27,929 [Worker-10] INFO  o.e.m.c.i.embedder.EclipseLogger - Using 'UTF-8' encoding to copy filtered resources.
2016-05-12 19:03:27,933 [Worker-10] INFO  o.e.m.c.i.embedder.EclipseLogger - Copying 0 resource
2016-05-12 19:03:27,935 [Worker-10] INFO  o.e.m.c.i.embedder.EclipseLogger - Using 'UTF-8' encoding to copy filtered resources.
2016-05-12 19:03:27,935 [Worker-10] INFO  o.e.m.c.i.embedder.EclipseLogger - skip non existing resourceDirectory /Users/jinx/Documents/jobs/800_api/crowd-common/src/test/resources
2016-05-12 19:03:28,382 [Worker-10] INFO  o.e.m.c.i.l.LifecycleMappingFactory - Using org.eclipse.m2e.jdt.JarLifecycleMapping lifecycle mapping for MavenProject: com.crowd:crowd-dal:1.0-SNAPSHOT @ /Users/jinx/Documents/jobs/800_api/crowd-dal/pom.xml.
2016-05-12 19:03:28,635 [Worker-10] WARN  o.e.m.c.i.embedder.EclipseLogger - The POM for nl.justobjects.pushlet:pushlet:jar:2.0.4 is missing, no dependency information available
2016-05-12 19:03:28,821 [Worker-10] INFO  o.e.m.c.i.embedder.EclipseLogger - Using 'UTF-8' encoding to copy filtered resources.
2016-05-12 19:03:28,821 [Worker-10] INFO  o.e.m.c.i.embedder.EclipseLogger - Copying 0 resource
2016-05-12 19:03:28,823 [Worker-10] INFO  o.e.m.c.i.embedder.EclipseLogger - Using 'UTF-8' encoding to copy filtered resources.
2016-05-12 19:03:28,823 [Worker-10] INFO  o.e.m.c.i.embedder.EclipseLogger - skip non existing resourceDirectory /Users/jinx/Documents/jobs/800_api/crowd-dal/src/test/resources
2016-05-12 19:03:30,182 [Worker-5] INFO  o.e.m.c.i.l.LifecycleMappingFactory - Using NULL lifecycle mapping for MavenProject: com.crowd:crowd:1.0-SNAPSHOT @ /Users/jinx/Documents/jobs/800_api/crowd/pom.xml.
2016-05-12 19:03:30,227 [Worker-5] INFO  o.e.m.c.i.l.LifecycleMappingFactory - Using org.eclipse.m2e.jdt.JarLifecycleMapping lifecycle mapping for MavenProject: com.crowd:crowd-biz:1.0-SNAPSHOT @ /Users/jinx/Documents/jobs/800_api/crowd-biz/pom.xml.
2016-05-12 19:03:30,469 [Worker-5] WARN  o.e.m.c.i.embedder.EclipseLogger - The POM for nl.justobjects.pushlet:pushlet:jar:2.0.4 is missing, no dependency information available
2016-05-12 19:03:30,603 [Worker-5] INFO  o.e.m.c.i.l.LifecycleMappingFactory - Using org.eclipse.m2e.jdt.JarLifecycleMapping lifecycle mapping for MavenProject: com.crowd:crowd-common:1.0-SNAPSHOT @ /Users/jinx/Documents/jobs/800_api/crowd-common/pom.xml.
2016-05-12 19:03:30,645 [Worker-0] INFO  o.e.m.c.i.l.LifecycleMappingFactory - Using org.eclipse.m2e.jdt.JarLifecycleMapping lifecycle mapping for MavenProject: com.crowd:crowd-biz:1.0-SNAPSHOT @ /Users/jinx/Documents/jobs/800_api/crowd-biz/pom.xml.
2016-05-12 19:03:30,864 [Worker-0] WARN  o.e.m.c.i.embedder.EclipseLogger - The POM for nl.justobjects.pushlet:pushlet:jar:2.0.4 is missing, no dependency information available
2016-05-12 19:03:32,006 [Worker-0] INFO  o.e.m.c.i.embedder.EclipseLogger - Using 'UTF-8' encoding to copy filtered resources.
2016-05-12 19:03:32,006 [Worker-0] INFO  o.e.m.c.i.embedder.EclipseLogger - Copying 0 resource
2016-05-12 19:03:32,009 [Worker-0] INFO  o.e.m.c.i.embedder.EclipseLogger - Using 'UTF-8' encoding to copy filtered resources.
2016-05-12 19:03:32,009 [Worker-0] INFO  o.e.m.c.i.embedder.EclipseLogger - skip non existing resourceDirectory /Users/jinx/Documents/jobs/800_api/crowd-biz/src/test/resources
2016-05-12 19:03:32,804 [Worker-10] INFO  o.e.m.c.i.l.LifecycleMappingFactory - Using NULL lifecycle mapping for MavenProject: com.crowd:crowd:1.0-SNAPSHOT @ /Users/jinx/Documents/jobs/800_api/crowd/pom.xml.
2016-05-12 19:03:33,038 [Worker-10] INFO  o.e.m.c.i.l.LifecycleMappingFactory - Using org.eclipse.m2e.jdt.JarLifecycleMapping lifecycle mapping for MavenProject: com.crowd:crowd-biz:1.0-SNAPSHOT @ /Users/jinx/Documents/jobs/800_api/crowd-biz/pom.xml.
2016-05-12 19:03:33,298 [Worker-10] WARN  o.e.m.c.i.embedder.EclipseLogger - The POM for nl.justobjects.pushlet:pushlet:jar:2.0.4 is missing, no dependency information available
2016-05-12 19:03:33,399 [Worker-10] INFO  o.e.m.c.i.l.LifecycleMappingFactory - Using org.eclipse.m2e.jdt.JarLifecycleMapping lifecycle mapping for MavenProject: com.crowd:crowd-common:1.0-SNAPSHOT @ /Users/jinx/Documents/jobs/800_api/crowd-common/pom.xml.
2016-05-12 19:03:33,471 [Worker-10] INFO  o.e.m.c.i.l.LifecycleMappingFactory - Using org.eclipse.m2e.jdt.JarLifecycleMapping lifecycle mapping for MavenProject: com.crowd:crowd-dal:1.0-SNAPSHOT @ /Users/jinx/Documents/jobs/800_api/crowd-dal/pom.xml.
2016-05-12 19:03:33,556 [Worker-10] INFO  o.e.m.c.i.l.LifecycleMappingFactory - Using org.maven.ide.eclipse.wtp.WarLifecycleMapping lifecycle mapping for MavenProject: com.crowd:crowd-web:1.0-SNAPSHOT @ /Users/jinx/Documents/jobs/800_api/crowd-web/pom.xml.
2016-05-12 19:03:48,214 [Worker-10] WARN  o.e.m.c.i.embedder.EclipseLogger - The POM for nl.justobjects.pushlet:pushlet:jar:2.0.4 is missing, no dependency information available
2016-05-12 19:03:49,159 [Worker-3] WARN  o.e.m.c.i.embedder.EclipseLogger - The POM for nl.justobjects.pushlet:pushlet:jar:2.0.4 is missing, no dependency information available
2016-05-12 19:03:49,322 [Worker-3] INFO  o.e.m.c.i.embedder.EclipseLogger - Using 'UTF-8' encoding to copy filtered resources.
2016-05-12 19:03:49,324 [Worker-3] INFO  o.e.m.c.i.embedder.EclipseLogger - Copying 0 resource
2016-05-12 19:03:49,325 [Worker-3] INFO  o.e.m.c.i.embedder.EclipseLogger - Using 'UTF-8' encoding to copy filtered resources.
2016-05-12 19:03:49,325 [Worker-3] INFO  o.e.m.c.i.embedder.EclipseLogger - skip non existing resourceDirectory /Users/jinx/Documents/jobs/800_api/crowd-common/src/test/resources
2016-05-12 19:03:49,592 [Worker-3] WARN  o.e.m.c.i.embedder.EclipseLogger - The POM for nl.justobjects.pushlet:pushlet:jar:2.0.4 is missing, no dependency information available
2016-05-12 19:03:49,654 [Worker-3] INFO  o.e.m.c.i.embedder.EclipseLogger - Using 'UTF-8' encoding to copy filtered resources.
2016-05-12 19:03:49,654 [Worker-3] INFO  o.e.m.c.i.embedder.EclipseLogger - Copying 0 resource
2016-05-12 19:03:49,655 [Worker-3] INFO  o.e.m.c.i.embedder.EclipseLogger - Using 'UTF-8' encoding to copy filtered resources.
2016-05-12 19:03:49,655 [Worker-3] INFO  o.e.m.c.i.embedder.EclipseLogger - skip non existing resourceDirectory /Users/jinx/Documents/jobs/800_api/crowd-dal/src/test/resources
2016-05-12 19:03:49,876 [Worker-3] WARN  o.e.m.c.i.embedder.EclipseLogger - The POM for nl.justobjects.pushlet:pushlet:jar:2.0.4 is missing, no dependency information available
2016-05-12 19:03:49,942 [Worker-3] INFO  o.e.m.c.i.embedder.EclipseLogger - Using 'UTF-8' encoding to copy filtered resources.
2016-05-12 19:03:49,942 [Worker-3] INFO  o.e.m.c.i.embedder.EclipseLogger - Copying 0 resource
2016-05-12 19:03:49,943 [Worker-3] INFO  o.e.m.c.i.embedder.EclipseLogger - Using 'UTF-8' encoding to copy filtered resources.
2016-05-12 19:03:49,943 [Worker-3] INFO  o.e.m.c.i.embedder.EclipseLogger - skip non existing resourceDirectory /Users/jinx/Documents/jobs/800_api/crowd-biz/src/test/resources
2016-05-12 19:03:50,278 [Worker-3] WARN  o.e.m.c.i.embedder.EclipseLogger - The POM for nl.justobjects.pushlet:pushlet:jar:2.0.4 is missing, no dependency information available
2016-05-12 19:03:50,344 [Worker-3] INFO  o.e.m.c.i.embedder.EclipseLogger - Using 'UTF-8' encoding to copy filtered resources.
2016-05-12 19:03:50,345 [Worker-3] INFO  o.e.m.c.i.embedder.EclipseLogger - Copying 0 resource
2016-05-12 19:03:50,345 [Worker-3] INFO  o.e.m.c.i.embedder.EclipseLogger - Copying 9 resources
2016-05-12 19:03:50,353 [Worker-3] INFO  o.e.m.c.i.embedder.EclipseLogger - Using 'UTF-8' encoding to copy filtered resources.
2016-05-12 19:03:50,353 [Worker-3] INFO  o.e.m.c.i.embedder.EclipseLogger - skip non existing resourceDirectory /Users/jinx/Documents/jobs/800_api/crowd-web/src/test/resources
2016-05-12 19:10:25,390 [Worker-6] INFO  o.e.m.c.i.embedder.EclipseLogger - Using 'UTF-8' encoding to copy filtered resources.
2016-05-12 19:10:25,391 [Worker-6] INFO  o.e.m.c.i.embedder.EclipseLogger - Copying 0 resource
2016-05-12 19:10:25,392 [Worker-6] INFO  o.e.m.c.i.embedder.EclipseLogger - Using 'UTF-8' encoding to copy filtered resources.
2016-05-12 19:10:25,392 [Worker-6] INFO  o.e.m.c.i.embedder.EclipseLogger - skip non existing resourceDirectory /Users/jinx/Documents/jobs/800_api/crowd-common/src/test/resources
2016-05-12 19:10:25,747 [Worker-6] INFO  o.e.m.c.i.embedder.EclipseLogger - Using 'UTF-8' encoding to copy filtered resources.
2016-05-12 19:10:25,748 [Worker-6] INFO  o.e.m.c.i.embedder.EclipseLogger - Copying 0 resource
2016-05-12 19:10:25,749 [Worker-6] INFO  o.e.m.c.i.embedder.EclipseLogger - Using 'UTF-8' encoding to copy filtered resources.
2016-05-12 19:10:25,749 [Worker-6] INFO  o.e.m.c.i.embedder.EclipseLogger - skip non existing resourceDirectory /Users/jinx/Documents/jobs/800_api/crowd-dal/src/test/resources
2016-05-12 19:10:25,786 [Worker-6] INFO  o.e.m.c.i.embedder.EclipseLogger - Using 'UTF-8' encoding to copy filtered resources.
2016-05-12 19:10:25,786 [Worker-6] INFO  o.e.m.c.i.embedder.EclipseLogger - Copying 0 resource
2016-05-12 19:10:25,787 [Worker-6] INFO  o.e.m.c.i.embedder.EclipseLogger - Using 'UTF-8' encoding to copy filtered resources.
2016-05-12 19:10:25,787 [Worker-6] INFO  o.e.m.c.i.embedder.EclipseLogger - skip non existing resourceDirectory /Users/jinx/Documents/jobs/800_api/crowd-biz/src/test/resources
2016-05-12 19:10:33,736 [Worker-6] INFO  o.e.m.c.i.embedder.EclipseLogger - Using 'UTF-8' encoding to copy filtered resources.
2016-05-12 19:10:33,736 [Worker-6] INFO  o.e.m.c.i.embedder.EclipseLogger - Copying 0 resource
2016-05-12 19:10:33,737 [Worker-6] INFO  o.e.m.c.i.embedder.EclipseLogger - Copying 9 resources
2016-05-12 19:10:33,740 [Worker-6] INFO  o.e.m.c.i.embedder.EclipseLogger - Using 'UTF-8' encoding to copy filtered resources.
2016-05-12 19:10:33,740 [Worker-6] INFO  o.e.m.c.i.embedder.EclipseLogger - skip non existing resourceDirectory /Users/jinx/Documents/jobs/800_api/crowd-web/src/test/resources
2016-05-12 19:10:34,000 [Worker-1] INFO  o.e.m.c.i.embedder.EclipseLogger - Using 'UTF-8' encoding to copy filtered resources.
2016-05-12 19:10:34,001 [Worker-1] INFO  o.e.m.c.i.embedder.EclipseLogger - Copying 0 resource
2016-05-12 19:10:34,002 [Worker-1] INFO  o.e.m.c.i.embedder.EclipseLogger - Using 'UTF-8' encoding to copy filtered resources.
2016-05-12 19:10:34,002 [Worker-1] INFO  o.e.m.c.i.embedder.EclipseLogger - skip non existing resourceDirectory /Users/jinx/Documents/jobs/800_api/crowd-common/src/test/resources
2016-05-12 19:10:34,187 [Worker-1] INFO  o.e.m.c.i.embedder.EclipseLogger - Using 'UTF-8' encoding to copy filtered resources.
2016-05-12 19:10:34,187 [Worker-1] INFO  o.e.m.c.i.embedder.EclipseLogger - Copying 0 resource
2016-05-12 19:10:34,188 [Worker-1] INFO  o.e.m.c.i.embedder.EclipseLogger - Using 'UTF-8' encoding to copy filtered resources.
2016-05-12 19:10:34,188 [Worker-1] INFO  o.e.m.c.i.embedder.EclipseLogger - skip non existing resourceDirectory /Users/jinx/Documents/jobs/800_api/crowd-dal/src/test/resources
2016-05-12 19:10:34,227 [Worker-1] INFO  o.e.m.c.i.embedder.EclipseLogger - Using 'UTF-8' encoding to copy filtered resources.
2016-05-12 19:10:34,227 [Worker-1] INFO  o.e.m.c.i.embedder.EclipseLogger - Copying 0 resource
2016-05-12 19:10:34,228 [Worker-1] INFO  o.e.m.c.i.embedder.EclipseLogger - Using 'UTF-8' encoding to copy filtered resources.
2016-05-12 19:10:34,228 [Worker-1] INFO  o.e.m.c.i.embedder.EclipseLogger - skip non existing resourceDirectory /Users/jinx/Documents/jobs/800_api/crowd-biz/src/test/resources
2016-05-12 19:10:41,549 [Worker-1] INFO  o.e.m.c.i.embedder.EclipseLogger - Using 'UTF-8' encoding to copy filtered resources.
2016-05-12 19:10:41,550 [Worker-1] INFO  o.e.m.c.i.embedder.EclipseLogger - Copying 0 resource
2016-05-12 19:10:41,550 [Worker-1] INFO  o.e.m.c.i.embedder.EclipseLogger - Copying 9 resources
2016-05-12 19:10:41,553 [Worker-1] INFO  o.e.m.c.i.embedder.EclipseLogger - Using 'UTF-8' encoding to copy filtered resources.
2016-05-12 19:10:41,553 [Worker-1] INFO  o.e.m.c.i.embedder.EclipseLogger - skip non existing resourceDirectory /Users/jinx/Documents/jobs/800_api/crowd-web/src/test/resources
2016-05-13 11:03:55,205 [Worker-4] WARN  o.e.m.c.i.embedder.EclipseLogger - The POM for nl.justobjects.pushlet:pushlet:jar:2.0.4 is missing, no dependency information available
2016-05-13 11:03:56,233 [Worker-4] INFO  o.e.m.c.i.embedder.EclipseLogger - Using 'UTF-8' encoding to copy filtered resources.
2016-05-13 11:03:56,241 [Worker-4] INFO  o.e.m.c.i.embedder.EclipseLogger - Copying 0 resource
2016-05-13 11:03:56,243 [Worker-4] INFO  o.e.m.c.i.embedder.EclipseLogger - Copying 9 resources
2016-05-13 11:03:56,254 [Worker-4] INFO  o.e.m.c.i.embedder.EclipseLogger - Using 'UTF-8' encoding to copy filtered resources.
2016-05-13 11:03:56,255 [Worker-4] INFO  o.e.m.c.i.embedder.EclipseLogger - skip non existing resourceDirectory /Users/jinx/Documents/jobs/800_api/crowd-web/src/test/resources
2016-05-18 18:25:24,055 [Worker-6] WARN  o.e.m.c.i.embedder.EclipseLogger - The POM for nl.justobjects.pushlet:pushlet:jar:2.0.4 is missing, no dependency information available
2016-05-18 18:25:24,977 [Worker-6] INFO  o.e.m.c.i.embedder.EclipseLogger - Using 'UTF-8' encoding to copy filtered resources.
2016-05-18 18:25:24,982 [Worker-6] INFO  o.e.m.c.i.embedder.EclipseLogger - Copying 0 resource
2016-05-18 18:25:24,983 [Worker-6] INFO  o.e.m.c.i.embedder.EclipseLogger - Copying 9 resources
2016-05-18 18:25:24,992 [Worker-6] INFO  o.e.m.c.i.embedder.EclipseLogger - Using 'UTF-8' encoding to copy filtered resources.
2016-05-18 18:25:24,992 [Worker-6] INFO  o.e.m.c.i.embedder.EclipseLogger - skip non existing resourceDirectory /Users/jinx/Documents/jobs/800_api/crowd-web/src/test/resources
2016-05-18 18:25:41,752 [Worker-1] INFO  o.e.m.c.i.l.LifecycleMappingFactory - Using NULL lifecycle mapping for MavenProject: com.crowd:crowd:1.0-SNAPSHOT @ /Users/jinx/Documents/jobs/800_api/crowd/pom.xml.
2016-05-18 18:25:42,151 [Worker-1] INFO  o.e.m.c.i.l.LifecycleMappingFactory - Using org.eclipse.m2e.jdt.JarLifecycleMapping lifecycle mapping for MavenProject: com.crowd:crowd-dal:1.0-SNAPSHOT @ /Users/jinx/Documents/jobs/800_api/crowd-dal/pom.xml.
2016-05-18 18:25:42,395 [Worker-1] INFO  o.e.m.c.i.e.AbstractTransferListenerAdapter - Downloading http://192.168.0.223:3333/nexus/content/groups/public/org/hibernate/hibernate-core/4.1.12.0/hibernate-core-4.1.12.0.pom
2016-05-18 18:25:42,439 [Worker-1] INFO  o.e.m.c.i.e.AbstractTransferListenerAdapter - Downloaded http://192.168.0.223:3333/nexus/content/groups/public/org/hibernate/hibernate-core/4.1.12.0/hibernate-core-4.1.12.0.pom
2016-05-18 18:25:42,487 [Worker-1] INFO  o.e.m.c.i.e.AbstractTransferListenerAdapter - Downloading http://192.168.0.223:3333/nexus/content/groups/public/org/hibernate/hibernate-ehcache/4.1.12.Final/hibernate-ehcache-4.1.12.Final.pom
2016-05-18 18:25:42,510 [Worker-1] INFO  o.e.m.c.i.e.AbstractTransferListenerAdapter - Downloaded http://192.168.0.223:3333/nexus/content/groups/public/org/hibernate/hibernate-ehcache/4.1.12.Final/hibernate-ehcache-4.1.12.Final.pom
2016-05-18 18:25:42,547 [Worker-1] INFO  o.e.m.c.i.e.AbstractTransferListenerAdapter - Downloading http://192.168.0.223:3333/nexus/content/groups/public/org/hibernate/hibernate-entitymanager/4.1.12.Final/hibernate-entitymanager-4.1.12.Final.pom
2016-05-18 18:25:42,566 [Worker-1] INFO  o.e.m.c.i.e.AbstractTransferListenerAdapter - Downloaded http://192.168.0.223:3333/nexus/content/groups/public/org/hibernate/hibernate-entitymanager/4.1.12.Final/hibernate-entitymanager-4.1.12.Final.pom
2016-05-18 18:25:42,710 [Worker-1] WARN  o.e.m.c.i.embedder.EclipseLogger - The POM for nl.justobjects.pushlet:pushlet:jar:2.0.4 is missing, no dependency information available
2016-05-18 18:25:42,818 [Worker-1] INFO  o.e.m.c.i.e.AbstractTransferListenerAdapter - Downloading http://192.168.0.223:3333/nexus/content/groups/public/org/hibernate/hibernate-core/4.1.12.0/hibernate-core-4.1.12.0.jar
2016-05-18 18:25:43,340 [Worker-1] INFO  o.e.m.c.i.e.AbstractTransferListenerAdapter - Downloaded http://192.168.0.223:3333/nexus/content/groups/public/org/hibernate/hibernate-core/4.1.12.0/hibernate-core-4.1.12.0.jar
2016-05-18 18:25:43,365 [Worker-1] INFO  o.e.m.c.i.e.AbstractTransferListenerAdapter - Downloading http://192.168.0.223:3333/nexus/content/groups/public/org/hibernate/hibernate-ehcache/4.1.12.Final/hibernate-ehcache-4.1.12.Final.jar
2016-05-18 18:25:43,396 [Worker-1] INFO  o.e.m.c.i.e.AbstractTransferListenerAdapter - Downloaded http://192.168.0.223:3333/nexus/content/groups/public/org/hibernate/hibernate-ehcache/4.1.12.Final/hibernate-ehcache-4.1.12.Final.jar
2016-05-18 18:25:43,431 [Worker-1] INFO  o.e.m.c.i.e.AbstractTransferListenerAdapter - Downloading http://192.168.0.223:3333/nexus/content/groups/public/org/hibernate/hibernate-entitymanager/4.1.12.Final/hibernate-entitymanager-4.1.12.Final.jar
2016-05-18 18:25:43,499 [Worker-1] INFO  o.e.m.c.i.e.AbstractTransferListenerAdapter - Downloaded http://192.168.0.223:3333/nexus/content/groups/public/org/hibernate/hibernate-entitymanager/4.1.12.Final/hibernate-entitymanager-4.1.12.Final.jar
2016-05-18 18:25:43,603 [Worker-1] INFO  o.e.m.c.i.l.LifecycleMappingFactory - Using org.eclipse.m2e.jdt.JarLifecycleMapping lifecycle mapping for MavenProject: com.crowd:crowd-common:1.0-SNAPSHOT @ /Users/jinx/Documents/jobs/800_api/crowd-common/pom.xml.
2016-05-18 18:25:43,696 [Worker-1] INFO  o.e.m.c.i.l.LifecycleMappingFactory - Using org.maven.ide.eclipse.wtp.WarLifecycleMapping lifecycle mapping for MavenProject: com.crowd:crowd-web:1.0-SNAPSHOT @ /Users/jinx/Documents/jobs/800_api/crowd-web/pom.xml.
2016-05-18 18:25:43,799 [Worker-1] INFO  o.e.m.c.i.l.LifecycleMappingFactory - Using org.eclipse.m2e.jdt.JarLifecycleMapping lifecycle mapping for MavenProject: com.crowd:crowd-biz:1.0-SNAPSHOT @ /Users/jinx/Documents/jobs/800_api/crowd-biz/pom.xml.
2016-05-18 18:25:44,433 [Worker-1] WARN  o.e.m.c.i.embedder.EclipseLogger - The POM for nl.justobjects.pushlet:pushlet:jar:2.0.4 is missing, no dependency information available
2016-05-18 18:25:46,163 [Worker-1] WARN  o.e.m.c.i.embedder.EclipseLogger - The POM for nl.justobjects.pushlet:pushlet:jar:2.0.4 is missing, no dependency information available
2016-05-18 18:25:46,341 [Worker-1] INFO  o.e.m.c.i.embedder.EclipseLogger - Using 'UTF-8' encoding to copy filtered resources.
2016-05-18 18:25:46,342 [Worker-1] INFO  o.e.m.c.i.embedder.EclipseLogger - Copying 0 resource
2016-05-18 18:25:46,344 [Worker-1] INFO  o.e.m.c.i.embedder.EclipseLogger - Using 'UTF-8' encoding to copy filtered resources.
2016-05-18 18:25:46,344 [Worker-1] INFO  o.e.m.c.i.embedder.EclipseLogger - skip non existing resourceDirectory /Users/jinx/Documents/jobs/800_api/crowd-common/src/test/resources
2016-05-18 18:25:46,983 [Worker-1] WARN  o.e.m.c.i.embedder.EclipseLogger - The POM for nl.justobjects.pushlet:pushlet:jar:2.0.4 is missing, no dependency information available
2016-05-18 18:25:47,095 [Worker-1] INFO  o.e.m.c.i.embedder.EclipseLogger - Using 'UTF-8' encoding to copy filtered resources.
2016-05-18 18:25:47,095 [Worker-1] INFO  o.e.m.c.i.embedder.EclipseLogger - Copying 0 resource
2016-05-18 18:25:47,096 [Worker-1] INFO  o.e.m.c.i.embedder.EclipseLogger - Using 'UTF-8' encoding to copy filtered resources.
2016-05-18 18:25:47,096 [Worker-1] INFO  o.e.m.c.i.embedder.EclipseLogger - skip non existing resourceDirectory /Users/jinx/Documents/jobs/800_api/crowd-dal/src/test/resources
2016-05-18 18:25:47,348 [Worker-1] WARN  o.e.m.c.i.embedder.EclipseLogger - The POM for nl.justobjects.pushlet:pushlet:jar:2.0.4 is missing, no dependency information available
2016-05-18 18:25:47,418 [Worker-1] INFO  o.e.m.c.i.embedder.EclipseLogger - Using 'UTF-8' encoding to copy filtered resources.
2016-05-18 18:25:47,419 [Worker-1] INFO  o.e.m.c.i.embedder.EclipseLogger - Copying 0 resource
2016-05-18 18:25:47,420 [Worker-1] INFO  o.e.m.c.i.embedder.EclipseLogger - Using 'UTF-8' encoding to copy filtered resources.
2016-05-18 18:25:47,420 [Worker-1] INFO  o.e.m.c.i.embedder.EclipseLogger - skip non existing resourceDirectory /Users/jinx/Documents/jobs/800_api/crowd-biz/src/test/resources
2016-05-18 18:25:47,783 [Worker-1] WARN  o.e.m.c.i.embedder.EclipseLogger - The POM for nl.justobjects.pushlet:pushlet:jar:2.0.4 is missing, no dependency information available
2016-05-18 18:25:47,859 [Worker-1] INFO  o.e.m.c.i.embedder.EclipseLogger - Using 'UTF-8' encoding to copy filtered resources.
2016-05-18 18:25:47,862 [Worker-1] INFO  o.e.m.c.i.embedder.EclipseLogger - Copying 0 resource
2016-05-18 18:25:47,863 [Worker-1] INFO  o.e.m.c.i.embedder.EclipseLogger - Copying 9 resources
2016-05-18 18:25:47,874 [Worker-1] INFO  o.e.m.c.i.embedder.EclipseLogger - Using 'UTF-8' encoding to copy filtered resources.
2016-05-18 18:25:47,875 [Worker-1] INFO  o.e.m.c.i.embedder.EclipseLogger - skip non existing resourceDirectory /Users/jinx/Documents/jobs/800_api/crowd-web/src/test/resources
2016-05-18 18:25:49,031 [Worker-9] INFO  o.e.m.c.i.embedder.EclipseLogger - Using 'UTF-8' encoding to copy filtered resources.
2016-05-18 18:25:49,032 [Worker-9] INFO  o.e.m.c.i.embedder.EclipseLogger - Copying 0 resource
2016-05-18 18:25:49,032 [Worker-9] INFO  o.e.m.c.i.embedder.EclipseLogger - Copying 0 resource
2016-05-18 18:25:49,033 [Worker-9] INFO  o.e.m.c.i.embedder.EclipseLogger - Using 'UTF-8' encoding to copy filtered resources.
2016-05-18 18:25:49,033 [Worker-9] INFO  o.e.m.c.i.embedder.EclipseLogger - skip non existing resourceDirectory /Users/jinx/Documents/jobs/800_api/crowd-web/src/test/resources
2016-05-18 18:26:04,451 [Worker-7] INFO  o.e.m.c.i.embedder.EclipseLogger - Using 'UTF-8' encoding to copy filtered resources.
2016-05-18 18:26:04,451 [Worker-7] INFO  o.e.m.c.i.embedder.EclipseLogger - Copying 0 resource
2016-05-18 18:26:04,452 [Worker-7] INFO  o.e.m.c.i.embedder.EclipseLogger - Using 'UTF-8' encoding to copy filtered resources.
2016-05-18 18:26:04,453 [Worker-7] INFO  o.e.m.c.i.embedder.EclipseLogger - skip non existing resourceDirectory /Users/jinx/Documents/jobs/800_api/crowd-biz/src/test/resources
2016-05-18 18:26:04,705 [Worker-14] INFO  o.e.m.c.i.embedder.EclipseLogger - Using 'UTF-8' encoding to copy filtered resources.
2016-05-18 18:26:04,706 [Worker-14] INFO  o.e.m.c.i.embedder.EclipseLogger - Copying 0 resource
2016-05-18 18:26:04,707 [Worker-14] INFO  o.e.m.c.i.embedder.EclipseLogger - Copying 9 resources
2016-05-18 18:26:04,708 [Worker-14] INFO  o.e.m.c.i.embedder.EclipseLogger - Using 'UTF-8' encoding to copy filtered resources.
2016-05-18 18:26:04,708 [Worker-14] INFO  o.e.m.c.i.embedder.EclipseLogger - skip non existing resourceDirectory /Users/jinx/Documents/jobs/800_api/crowd-web/src/test/resources
2016-05-18 18:26:16,341 [Worker-15] INFO  o.e.m.c.i.l.LifecycleMappingFactory - Using org.eclipse.m2e.jdt.JarLifecycleMapping lifecycle mapping for MavenProject: com.crowd:crowd-biz:1.0-SNAPSHOT @ /Users/jinx/Documents/jobs/800_api/crowd-biz/pom.xml.
2016-05-18 18:26:16,524 [Worker-15] WARN  o.e.m.c.i.embedder.EclipseLogger - The POM for nl.justobjects.pushlet:pushlet:jar:2.0.4 is missing, no dependency information available
2016-05-18 18:26:16,672 [Worker-15] INFO  o.e.m.c.i.embedder.EclipseLogger - Using 'UTF-8' encoding to copy filtered resources.
2016-05-18 18:26:16,672 [Worker-15] INFO  o.e.m.c.i.embedder.EclipseLogger - Copying 0 resource
2016-05-18 18:26:16,674 [Worker-15] INFO  o.e.m.c.i.embedder.EclipseLogger - Using 'UTF-8' encoding to copy filtered resources.
2016-05-18 18:26:16,674 [Worker-15] INFO  o.e.m.c.i.embedder.EclipseLogger - skip non existing resourceDirectory /Users/jinx/Documents/jobs/800_api/crowd-biz/src/test/resources
2016-05-18 18:26:18,031 [Worker-2] WARN  o.e.m.c.i.embedder.EclipseLogger - The POM for nl.justobjects.pushlet:pushlet:jar:2.0.4 is missing, no dependency information available
2016-05-18 18:26:18,100 [Worker-2] INFO  o.e.m.c.i.embedder.EclipseLogger - Using 'UTF-8' encoding to copy filtered resources.
2016-05-18 18:26:18,100 [Worker-2] INFO  o.e.m.c.i.embedder.EclipseLogger - Copying 0 resource
2016-05-18 18:26:18,101 [Worker-2] INFO  o.e.m.c.i.embedder.EclipseLogger - Using 'UTF-8' encoding to copy filtered resources.
2016-05-18 18:26:18,102 [Worker-2] INFO  o.e.m.c.i.embedder.EclipseLogger - skip non existing resourceDirectory /Users/jinx/Documents/jobs/800_api/crowd-biz/src/test/resources
2016-05-18 18:26:25,417 [Worker-11] INFO  o.e.m.c.i.embedder.EclipseLogger - Using 'UTF-8' encoding to copy filtered resources.
2016-05-18 18:26:25,418 [Worker-11] INFO  o.e.m.c.i.embedder.EclipseLogger - Copying 0 resource
2016-05-18 18:26:25,419 [Worker-11] INFO  o.e.m.c.i.embedder.EclipseLogger - Using 'UTF-8' encoding to copy filtered resources.
2016-05-18 18:26:25,419 [Worker-11] INFO  o.e.m.c.i.embedder.EclipseLogger - skip non existing resourceDirectory /Users/jinx/Documents/jobs/800_api/crowd-common/src/test/resources
2016-05-18 18:26:25,468 [Worker-11] INFO  o.e.m.c.i.embedder.EclipseLogger - Using 'UTF-8' encoding to copy filtered resources.
2016-05-18 18:26:25,468 [Worker-11] INFO  o.e.m.c.i.embedder.EclipseLogger - Copying 0 resource
2016-05-18 18:26:25,469 [Worker-11] INFO  o.e.m.c.i.embedder.EclipseLogger - Using 'UTF-8' encoding to copy filtered resources.
2016-05-18 18:26:25,469 [Worker-11] INFO  o.e.m.c.i.embedder.EclipseLogger - skip non existing resourceDirectory /Users/jinx/Documents/jobs/800_api/crowd-biz/src/test/resources
2016-05-18 18:26:31,335 [Worker-10] INFO  o.e.m.c.i.l.LifecycleMappingFactory - Using org.eclipse.m2e.jdt.JarLifecycleMapping lifecycle mapping for MavenProject: com.crowd:crowd-common:1.0-SNAPSHOT @ /Users/jinx/Documents/jobs/800_api/crowd-common/pom.xml.
2016-05-18 18:26:31,518 [Worker-10] WARN  o.e.m.c.i.embedder.EclipseLogger - The POM for nl.justobjects.pushlet:pushlet:jar:2.0.4 is missing, no dependency information available
2016-05-18 18:26:31,596 [Worker-10] INFO  o.e.m.c.i.e.AbstractTransferListenerAdapter - Downloading http://192.168.0.223:3333/nexus/content/groups/public/commons-beanutils/commons-beanutils/1.8.0/commons-beanutils-1.8.0.jar
2016-05-18 18:26:31,637 [Worker-10] INFO  o.e.m.c.i.e.AbstractTransferListenerAdapter - Downloaded http://192.168.0.223:3333/nexus/content/groups/public/commons-beanutils/commons-beanutils/1.8.0/commons-beanutils-1.8.0.jar
2016-05-18 18:26:31,703 [Worker-10] INFO  o.e.m.c.i.l.LifecycleMappingFactory - Using org.maven.ide.eclipse.wtp.WarLifecycleMapping lifecycle mapping for MavenProject: com.crowd:crowd-web:1.0-SNAPSHOT @ /Users/jinx/Documents/jobs/800_api/crowd-web/pom.xml.
2016-05-18 18:26:31,795 [Worker-10] INFO  o.e.m.c.i.l.LifecycleMappingFactory - Using org.eclipse.m2e.jdt.JarLifecycleMapping lifecycle mapping for MavenProject: com.crowd:crowd-biz:1.0-SNAPSHOT @ /Users/jinx/Documents/jobs/800_api/crowd-biz/pom.xml.
2016-05-18 18:26:32,162 [Worker-10] WARN  o.e.m.c.i.embedder.EclipseLogger - The POM for nl.justobjects.pushlet:pushlet:jar:2.0.4 is missing, no dependency information available
2016-05-18 18:26:32,639 [Worker-10] INFO  o.e.m.c.i.embedder.EclipseLogger - Using 'UTF-8' encoding to copy filtered resources.
2016-05-18 18:26:32,640 [Worker-10] INFO  o.e.m.c.i.embedder.EclipseLogger - Copying 0 resource
2016-05-18 18:26:32,640 [Worker-10] INFO  o.e.m.c.i.embedder.EclipseLogger - Using 'UTF-8' encoding to copy filtered resources.
2016-05-18 18:26:32,640 [Worker-10] INFO  o.e.m.c.i.embedder.EclipseLogger - skip non existing resourceDirectory /Users/jinx/Documents/jobs/800_api/crowd-common/src/test/resources
2016-05-18 18:26:32,941 [Worker-10] WARN  o.e.m.c.i.embedder.EclipseLogger - The POM for nl.justobjects.pushlet:pushlet:jar:2.0.4 is missing, no dependency information available
2016-05-18 18:26:33,008 [Worker-10] INFO  o.e.m.c.i.embedder.EclipseLogger - Using 'UTF-8' encoding to copy filtered resources.
2016-05-18 18:26:33,008 [Worker-10] INFO  o.e.m.c.i.embedder.EclipseLogger - Copying 0 resource
2016-05-18 18:26:33,009 [Worker-10] INFO  o.e.m.c.i.embedder.EclipseLogger - Using 'UTF-8' encoding to copy filtered resources.
2016-05-18 18:26:33,009 [Worker-10] INFO  o.e.m.c.i.embedder.EclipseLogger - skip non existing resourceDirectory /Users/jinx/Documents/jobs/800_api/crowd-biz/src/test/resources
2016-05-18 18:26:33,291 [Worker-10] WARN  o.e.m.c.i.embedder.EclipseLogger - The POM for nl.justobjects.pushlet:pushlet:jar:2.0.4 is missing, no dependency information available
2016-05-18 18:26:33,359 [Worker-10] INFO  o.e.m.c.i.embedder.EclipseLogger - Using 'UTF-8' encoding to copy filtered resources.
2016-05-18 18:26:33,360 [Worker-10] INFO  o.e.m.c.i.embedder.EclipseLogger - Copying 0 resource
2016-05-18 18:26:33,361 [Worker-10] INFO  o.e.m.c.i.embedder.EclipseLogger - Copying 9 resources
2016-05-18 18:26:33,363 [Worker-10] INFO  o.e.m.c.i.embedder.EclipseLogger - Using 'UTF-8' encoding to copy filtered resources.
2016-05-18 18:26:33,364 [Worker-10] INFO  o.e.m.c.i.embedder.EclipseLogger - skip non existing resourceDirectory /Users/jinx/Documents/jobs/800_api/crowd-web/src/test/resources
2016-05-18 18:26:34,798 [Worker-8] WARN  o.e.m.c.i.embedder.EclipseLogger - The POM for nl.justobjects.pushlet:pushlet:jar:2.0.4 is missing, no dependency information available
2016-05-18 18:26:34,857 [Worker-8] INFO  o.e.m.c.i.embedder.EclipseLogger - Using 'UTF-8' encoding to copy filtered resources.
2016-05-18 18:26:34,857 [Worker-8] INFO  o.e.m.c.i.embedder.EclipseLogger - Copying 0 resource
2016-05-18 18:26:34,858 [Worker-8] INFO  o.e.m.c.i.embedder.EclipseLogger - Using 'UTF-8' encoding to copy filtered resources.
2016-05-18 18:26:34,858 [Worker-8] INFO  o.e.m.c.i.embedder.EclipseLogger - skip non existing resourceDirectory /Users/jinx/Documents/jobs/800_api/crowd-common/src/test/resources
2016-05-18 18:26:34,998 [Worker-8] INFO  o.e.m.c.i.embedder.EclipseLogger - Using 'UTF-8' encoding to copy filtered resources.
2016-05-18 18:26:34,998 [Worker-8] INFO  o.e.m.c.i.embedder.EclipseLogger - Copying 0 resource
2016-05-18 18:26:34,998 [Worker-8] INFO  o.e.m.c.i.embedder.EclipseLogger - Copying 0 resource
2016-05-18 18:26:35,000 [Worker-8] INFO  o.e.m.c.i.embedder.EclipseLogger - Using 'UTF-8' encoding to copy filtered resources.
2016-05-18 18:26:35,000 [Worker-8] INFO  o.e.m.c.i.embedder.EclipseLogger - skip non existing resourceDirectory /Users/jinx/Documents/jobs/800_api/crowd-web/src/test/resources
2016-05-18 18:26:43,704 [Worker-7] WARN  o.e.m.c.i.embedder.EclipseLogger - The POM for nl.justobjects.pushlet:pushlet:jar:2.0.4 is missing, no dependency information available
2016-05-18 18:26:43,770 [Worker-7] INFO  o.e.m.c.i.embedder.EclipseLogger - Using 'UTF-8' encoding to copy filtered resources.
2016-05-18 18:26:43,770 [Worker-7] INFO  o.e.m.c.i.embedder.EclipseLogger - Copying 0 resource
2016-05-18 18:26:43,771 [Worker-7] INFO  o.e.m.c.i.embedder.EclipseLogger - Using 'UTF-8' encoding to copy filtered resources.
2016-05-18 18:26:43,772 [Worker-7] INFO  o.e.m.c.i.embedder.EclipseLogger - skip non existing resourceDirectory /Users/jinx/Documents/jobs/800_api/crowd-dal/src/test/resources
2016-05-18 18:26:43,980 [Worker-11] INFO  o.e.m.c.i.embedder.EclipseLogger - Using 'UTF-8' encoding to copy filtered resources.
2016-05-18 18:26:43,980 [Worker-11] INFO  o.e.m.c.i.embedder.EclipseLogger - Copying 0 resource
2016-05-18 18:26:43,981 [Worker-11] INFO  o.e.m.c.i.embedder.EclipseLogger - Using 'UTF-8' encoding to copy filtered resources.
2016-05-18 18:26:43,981 [Worker-11] INFO  o.e.m.c.i.embedder.EclipseLogger - skip non existing resourceDirectory /Users/jinx/Documents/jobs/800_api/crowd-biz/src/test/resources
2016-05-18 18:26:44,041 [Worker-11] INFO  o.e.m.c.i.embedder.EclipseLogger - Using 'UTF-8' encoding to copy filtered resources.
2016-05-18 18:26:44,041 [Worker-11] INFO  o.e.m.c.i.embedder.EclipseLogger - Copying 0 resource
2016-05-18 18:26:44,042 [Worker-11] INFO  o.e.m.c.i.embedder.EclipseLogger - Copying 9 resources
2016-05-18 18:26:44,043 [Worker-11] INFO  o.e.m.c.i.embedder.EclipseLogger - Using 'UTF-8' encoding to copy filtered resources.
2016-05-18 18:26:44,043 [Worker-11] INFO  o.e.m.c.i.embedder.EclipseLogger - skip non existing resourceDirectory /Users/jinx/Documents/jobs/800_api/crowd-web/src/test/resources
2016-05-18 18:27:10,685 [Worker-5] INFO  o.e.m.c.i.embedder.EclipseLogger - Using 'UTF-8' encoding to copy filtered resources.
2016-05-18 18:27:10,687 [Worker-5] INFO  o.e.m.c.i.embedder.EclipseLogger - Copying 0 resource
2016-05-18 18:27:10,688 [Worker-5] INFO  o.e.m.c.i.embedder.EclipseLogger - Copying 9 resources
2016-05-18 18:27:10,691 [Worker-5] INFO  o.e.m.c.i.embedder.EclipseLogger - Using 'UTF-8' encoding to copy filtered resources.
2016-05-18 18:27:10,691 [Worker-5] INFO  o.e.m.c.i.embedder.EclipseLogger - skip non existing resourceDirectory /Users/jinx/Documents/jobs/800_api/crowd-web/src/test/resources
2016-05-18 18:27:57,571 [Worker-12] INFO  o.e.m.c.i.l.LifecycleMappingFactory - Using org.maven.ide.eclipse.wtp.WarLifecycleMapping lifecycle mapping for MavenProject: com.crowd:crowd-web:1.0-SNAPSHOT @ /Users/jinx/Documents/jobs/800_api/crowd-web/pom.xml.
2016-05-18 18:27:57,732 [Worker-12] WARN  o.e.m.c.i.embedder.EclipseLogger - The POM for nl.justobjects.pushlet:pushlet:jar:2.0.4 is missing, no dependency information available
2016-05-18 18:27:58,127 [Worker-12] WARN  o.e.m.c.i.embedder.EclipseLogger - The POM for nl.justobjects.pushlet:pushlet:jar:2.0.4 is missing, no dependency information available
2016-05-18 18:27:58,487 [Worker-12] INFO  o.e.m.c.i.embedder.EclipseLogger - Using 'UTF-8' encoding to copy filtered resources.
2016-05-18 18:27:58,488 [Worker-12] INFO  o.e.m.c.i.embedder.EclipseLogger - Copying 0 resource
2016-05-18 18:27:58,488 [Worker-12] INFO  o.e.m.c.i.embedder.EclipseLogger - Copying 9 resources
2016-05-18 18:27:58,490 [Worker-12] INFO  o.e.m.c.i.embedder.EclipseLogger - Using 'UTF-8' encoding to copy filtered resources.
2016-05-18 18:27:58,490 [Worker-12] INFO  o.e.m.c.i.embedder.EclipseLogger - skip non existing resourceDirectory /Users/jinx/Documents/jobs/800_api/crowd-web/src/test/resources
2016-05-18 18:27:58,490 [Worker-12] INFO  o.e.m.w.i.f.ResourceFilteringBuildParticipant - Changed resources require a complete clean of filtered resources of crowd-web
2016-05-18 18:27:58,491 [Worker-12] INFO  o.e.m.w.i.f.ResourceFilteringBuildParticipant - Executing resource filtering for crowd-web
2016-05-18 18:27:58,494 [Worker-12] WARN  o.e.m.c.i.embedder.EclipseLogger - The POM for org.mortbay.jetty:maven-jetty-plugin:jar:6.1.26 is missing, no dependency information available
2016-05-18 18:27:58,494 [Worker-12] WARN  o.e.m.c.i.embedder.EclipseLogger - Failed to retrieve plugin descriptor for org.mortbay.jetty:maven-jetty-plugin:6.1.26: Plugin org.mortbay.jetty:maven-jetty-plugin:6.1.26 or one of its dependencies could not be resolved: Cannot access public (http://192.168.0.223:3333/nexus/content/groups/public/) in offline mode and the artifact org.mortbay.jetty:maven-jetty-plugin:jar:6.1.26 has not been downloaded from it before.
2016-05-18 18:27:58,506 [Worker-12] WARN  o.e.m.c.i.embedder.EclipseLogger - The POM for org.mortbay.jetty:maven-jetty-plugin:jar:6.1.26 is missing, no dependency information available
2016-05-18 18:27:58,507 [Worker-12] WARN  o.e.m.c.i.embedder.EclipseLogger - Failed to retrieve plugin descriptor for org.mortbay.jetty:maven-jetty-plugin:6.1.26: Plugin org.mortbay.jetty:maven-jetty-plugin:6.1.26 or one of its dependencies could not be resolved: Cannot access public (http://192.168.0.223:3333/nexus/content/groups/public/) in offline mode and the artifact org.mortbay.jetty:maven-jetty-plugin:jar:6.1.26 has not been downloaded from it before.
2016-05-18 18:27:58,511 [Worker-12] INFO  o.e.m.c.i.embedder.EclipseLogger - Using 'UTF-8' encoding to copy filtered resources.
2016-05-18 18:27:59,795 [Worker-6] INFO  o.e.m.i.launch.MavenLaunchDelegate - /Users/jinx/Documents/jobs/800_api/crowd
2016-05-18 18:27:59,795 [Worker-6] INFO  o.e.m.i.launch.MavenLaunchDelegate -  mvn  -B generate-sources
2016-05-18 18:29:02,075 [Worker-15] WARN  o.e.m.c.i.embedder.EclipseLogger - The POM for nl.justobjects.pushlet:pushlet:jar:2.0.4 is missing, no dependency information available
2016-05-18 18:29:02,146 [Worker-15] INFO  o.e.m.c.i.embedder.EclipseLogger - Using 'UTF-8' encoding to copy filtered resources.
2016-05-18 18:29:02,147 [Worker-15] INFO  o.e.m.c.i.embedder.EclipseLogger - Copying 0 resource
2016-05-18 18:29:02,147 [Worker-15] INFO  o.e.m.c.i.embedder.EclipseLogger - Copying 0 resource
2016-05-18 18:29:02,148 [Worker-15] INFO  o.e.m.c.i.embedder.EclipseLogger - Using 'UTF-8' encoding to copy filtered resources.
2016-05-18 18:29:02,148 [Worker-15] INFO  o.e.m.c.i.embedder.EclipseLogger - skip non existing resourceDirectory /Users/jinx/Documents/jobs/800_api/crowd-web/src/test/resources
2016-05-21 19:45:22,310 [Worker-3] WARN  o.e.m.c.i.embedder.EclipseLogger - The POM for nl.justobjects.pushlet:pushlet:jar:2.0.4 is missing, no dependency information available
2016-05-21 19:45:25,667 [Worker-0] WARN  o.e.m.c.i.embedder.EclipseLogger - The POM for nl.justobjects.pushlet:pushlet:jar:2.0.4 is missing, no dependency information available
2016-05-21 19:45:26,688 [Worker-0] INFO  o.e.m.c.i.embedder.EclipseLogger - Using 'UTF-8' encoding to copy filtered resources.
2016-05-21 19:45:26,692 [Worker-0] INFO  o.e.m.c.i.embedder.EclipseLogger - Copying 0 resource
2016-05-21 19:45:26,693 [Worker-0] INFO  o.e.m.c.i.embedder.EclipseLogger - Copying 9 resources
2016-05-21 19:45:26,699 [Worker-0] INFO  o.e.m.c.i.embedder.EclipseLogger - Using 'UTF-8' encoding to copy filtered resources.
2016-05-21 19:45:26,699 [Worker-0] INFO  o.e.m.c.i.embedder.EclipseLogger - skip non existing resourceDirectory /Users/jinx/Documents/jobs/800_api/crowd-web/src/test/resources
2016-05-23 18:08:53,601 [Worker-2] WARN  o.e.m.c.i.embedder.EclipseLogger - The POM for nl.justobjects.pushlet:pushlet:jar:2.0.4 is missing, no dependency information available
2016-05-23 18:08:54,070 [Worker-2] INFO  o.e.m.c.i.embedder.EclipseLogger - Using 'UTF-8' encoding to copy filtered resources.
2016-05-23 18:08:54,076 [Worker-2] INFO  o.e.m.c.i.embedder.EclipseLogger - Copying 0 resource
2016-05-23 18:08:54,080 [Worker-2] INFO  o.e.m.c.i.embedder.EclipseLogger - Using 'UTF-8' encoding to copy filtered resources.
2016-05-23 18:08:54,080 [Worker-2] INFO  o.e.m.c.i.embedder.EclipseLogger - skip non existing resourceDirectory /Users/jinx/Documents/jobs/800_api/crowd-common/src/test/resources
2016-05-23 18:08:54,827 [Worker-2] WARN  o.e.m.c.i.embedder.EclipseLogger - The POM for nl.justobjects.pushlet:pushlet:jar:2.0.4 is missing, no dependency information available
2016-05-23 18:08:54,928 [Worker-2] INFO  o.e.m.c.i.embedder.EclipseLogger - Using 'UTF-8' encoding to copy filtered resources.
2016-05-23 18:08:54,928 [Worker-2] INFO  o.e.m.c.i.embedder.EclipseLogger - Copying 0 resource
2016-05-23 18:08:54,930 [Worker-2] INFO  o.e.m.c.i.embedder.EclipseLogger - Using 'UTF-8' encoding to copy filtered resources.
2016-05-23 18:08:54,930 [Worker-2] INFO  o.e.m.c.i.embedder.EclipseLogger - skip non existing resourceDirectory /Users/jinx/Documents/jobs/800_api/crowd-dal/src/test/resources
2016-05-23 18:08:55,236 [Worker-2] WARN  o.e.m.c.i.embedder.EclipseLogger - The POM for nl.justobjects.pushlet:pushlet:jar:2.0.4 is missing, no dependency information available
2016-05-23 18:08:55,331 [Worker-2] INFO  o.e.m.c.i.embedder.EclipseLogger - Using 'UTF-8' encoding to copy filtered resources.
2016-05-23 18:08:55,332 [Worker-2] INFO  o.e.m.c.i.embedder.EclipseLogger - Copying 0 resource
2016-05-23 18:08:55,333 [Worker-2] INFO  o.e.m.c.i.embedder.EclipseLogger - Using 'UTF-8' encoding to copy filtered resources.
2016-05-23 18:08:55,333 [Worker-2] INFO  o.e.m.c.i.embedder.EclipseLogger - skip non existing resourceDirectory /Users/jinx/Documents/jobs/800_api/crowd-biz/src/test/resources
2016-05-23 18:08:56,511 [Worker-2] WARN  o.e.m.c.i.embedder.EclipseLogger - The POM for nl.justobjects.pushlet:pushlet:jar:2.0.4 is missing, no dependency information available
2016-05-23 18:08:56,632 [Worker-2] INFO  o.e.m.c.i.embedder.EclipseLogger - Using 'UTF-8' encoding to copy filtered resources.
2016-05-23 18:08:56,633 [Worker-2] INFO  o.e.m.c.i.embedder.EclipseLogger - Copying 0 resource
2016-05-23 18:08:56,633 [Worker-2] INFO  o.e.m.c.i.embedder.EclipseLogger - Copying 9 resources
2016-05-23 18:08:56,638 [Worker-2] INFO  o.e.m.c.i.embedder.EclipseLogger - Using 'UTF-8' encoding to copy filtered resources.
2016-05-23 18:08:56,638 [Worker-2] INFO  o.e.m.c.i.embedder.EclipseLogger - skip non existing resourceDirectory /Users/jinx/Documents/jobs/800_api/crowd-web/src/test/resources
2016-05-23 18:09:16,868 [Worker-3] INFO  o.e.m.c.i.embedder.EclipseLogger - Using 'UTF-8' encoding to copy filtered resources.
2016-05-23 18:09:16,871 [Worker-3] INFO  o.e.m.c.i.embedder.EclipseLogger - Copying 0 resource
2016-05-23 18:09:16,873 [Worker-3] INFO  o.e.m.c.i.embedder.EclipseLogger - Using 'UTF-8' encoding to copy filtered resources.
2016-05-23 18:09:16,873 [Worker-3] INFO  o.e.m.c.i.embedder.EclipseLogger - skip non existing resourceDirectory /Users/jinx/Documents/jobs/800_api/crowd-biz/src/test/resources
2016-05-23 18:09:16,993 [Worker-3] INFO  o.e.m.c.i.embedder.EclipseLogger - Using 'UTF-8' encoding to copy filtered resources.
2016-05-23 18:09:16,995 [Worker-3] INFO  o.e.m.c.i.embedder.EclipseLogger - Copying 0 resource
2016-05-23 18:09:16,996 [Worker-3] INFO  o.e.m.c.i.embedder.EclipseLogger - Copying 9 resources
2016-05-23 18:09:16,997 [Worker-3] INFO  o.e.m.c.i.embedder.EclipseLogger - Using 'UTF-8' encoding to copy filtered resources.
2016-05-23 18:09:16,997 [Worker-3] INFO  o.e.m.c.i.embedder.EclipseLogger - skip non existing resourceDirectory /Users/jinx/Documents/jobs/800_api/crowd-web/src/test/resources
2016-05-23 18:09:36,480 [Worker-0] INFO  o.e.m.c.i.embedder.EclipseLogger - Using 'UTF-8' encoding to copy filtered resources.
2016-05-23 18:09:36,480 [Worker-0] INFO  o.e.m.c.i.embedder.EclipseLogger - Copying 0 resource
2016-05-23 18:09:36,481 [Worker-0] INFO  o.e.m.c.i.embedder.EclipseLogger - Using 'UTF-8' encoding to copy filtered resources.
2016-05-23 18:09:36,481 [Worker-0] INFO  o.e.m.c.i.embedder.EclipseLogger - skip non existing resourceDirectory /Users/jinx/Documents/jobs/800_api/crowd-common/src/test/resources
2016-05-23 18:09:36,591 [Worker-0] INFO  o.e.m.c.i.embedder.EclipseLogger - Using 'UTF-8' encoding to copy filtered resources.
2016-05-23 18:09:36,592 [Worker-0] INFO  o.e.m.c.i.embedder.EclipseLogger - Copying 0 resource
2016-05-23 18:09:36,594 [Worker-0] INFO  o.e.m.c.i.embedder.EclipseLogger - Using 'UTF-8' encoding to copy filtered resources.
2016-05-23 18:09:36,594 [Worker-0] INFO  o.e.m.c.i.embedder.EclipseLogger - skip non existing resourceDirectory /Users/jinx/Documents/jobs/800_api/crowd-biz/src/test/resources
2016-05-23 18:09:46,511 [Worker-2] INFO  o.e.m.c.i.embedder.EclipseLogger - Using 'UTF-8' encoding to copy filtered resources.
2016-05-23 18:09:46,511 [Worker-2] INFO  o.e.m.c.i.embedder.EclipseLogger - Copying 0 resource
2016-05-23 18:09:46,512 [Worker-2] INFO  o.e.m.c.i.embedder.EclipseLogger - Using 'UTF-8' encoding to copy filtered resources.
2016-05-23 18:09:46,512 [Worker-2] INFO  o.e.m.c.i.embedder.EclipseLogger - skip non existing resourceDirectory /Users/jinx/Documents/jobs/800_api/crowd-dal/src/test/resources
2016-05-23 18:09:46,586 [Worker-2] INFO  o.e.m.c.i.embedder.EclipseLogger - Using 'UTF-8' encoding to copy filtered resources.
2016-05-23 18:09:46,586 [Worker-2] INFO  o.e.m.c.i.embedder.EclipseLogger - Copying 0 resource
2016-05-23 18:09:46,587 [Worker-2] INFO  o.e.m.c.i.embedder.EclipseLogger - Using 'UTF-8' encoding to copy filtered resources.
2016-05-23 18:09:46,587 [Worker-2] INFO  o.e.m.c.i.embedder.EclipseLogger - skip non existing resourceDirectory /Users/jinx/Documents/jobs/800_api/crowd-biz/src/test/resources
2016-05-23 18:09:48,785 [Worker-8] INFO  o.e.m.c.i.embedder.EclipseLogger - Using 'UTF-8' encoding to copy filtered resources.
2016-05-23 18:09:48,785 [Worker-8] INFO  o.e.m.c.i.embedder.EclipseLogger - Copying 0 resource
2016-05-23 18:09:48,786 [Worker-8] INFO  o.e.m.c.i.embedder.EclipseLogger - Copying 0 resource
2016-05-23 18:09:48,787 [Worker-8] INFO  o.e.m.c.i.embedder.EclipseLogger - Using 'UTF-8' encoding to copy filtered resources.
2016-05-23 18:09:48,787 [Worker-8] INFO  o.e.m.c.i.embedder.EclipseLogger - skip non existing resourceDirectory /Users/jinx/Documents/jobs/800_api/crowd-web/src/test/resources
2016-05-23 18:09:57,206 [Worker-10] INFO  o.e.m.c.i.embedder.EclipseLogger - Using 'UTF-8' encoding to copy filtered resources.
2016-05-23 18:09:57,207 [Worker-10] INFO  o.e.m.c.i.embedder.EclipseLogger - Copying 0 resource
2016-05-23 18:09:57,208 [Worker-10] INFO  o.e.m.c.i.embedder.EclipseLogger - Copying 9 resources
2016-05-23 18:09:57,212 [Worker-10] INFO  o.e.m.c.i.embedder.EclipseLogger - Using 'UTF-8' encoding to copy filtered resources.
2016-05-23 18:09:57,212 [Worker-10] INFO  o.e.m.c.i.embedder.EclipseLogger - skip non existing resourceDirectory /Users/jinx/Documents/jobs/800_api/crowd-web/src/test/resources
2016-05-26 17:14:29,823 [Worker-0] WARN  o.e.m.c.i.embedder.EclipseLogger - The POM for nl.justobjects.pushlet:pushlet:jar:2.0.4 is missing, no dependency information available
2016-05-26 17:14:30,270 [Worker-0] INFO  o.e.m.c.i.embedder.EclipseLogger - Using 'UTF-8' encoding to copy filtered resources.
2016-05-26 17:14:30,274 [Worker-0] INFO  o.e.m.c.i.embedder.EclipseLogger - Copying 0 resource
2016-05-26 17:14:30,277 [Worker-0] INFO  o.e.m.c.i.embedder.EclipseLogger - Using 'UTF-8' encoding to copy filtered resources.
2016-05-26 17:14:30,277 [Worker-0] INFO  o.e.m.c.i.embedder.EclipseLogger - skip non existing resourceDirectory /Users/jinx/Documents/jobs/800_api/crowd-common/src/test/resources
2016-05-26 17:14:30,979 [Worker-0] WARN  o.e.m.c.i.embedder.EclipseLogger - The POM for nl.justobjects.pushlet:pushlet:jar:2.0.4 is missing, no dependency information available
2016-05-26 17:14:31,094 [Worker-0] INFO  o.e.m.c.i.embedder.EclipseLogger - Using 'UTF-8' encoding to copy filtered resources.
2016-05-26 17:14:31,094 [Worker-0] INFO  o.e.m.c.i.embedder.EclipseLogger - Copying 0 resource
2016-05-26 17:14:31,096 [Worker-0] INFO  o.e.m.c.i.embedder.EclipseLogger - Using 'UTF-8' encoding to copy filtered resources.
2016-05-26 17:14:31,096 [Worker-0] INFO  o.e.m.c.i.embedder.EclipseLogger - skip non existing resourceDirectory /Users/jinx/Documents/jobs/800_api/crowd-dal/src/test/resources
2016-05-26 17:14:31,399 [Worker-0] WARN  o.e.m.c.i.embedder.EclipseLogger - The POM for nl.justobjects.pushlet:pushlet:jar:2.0.4 is missing, no dependency information available
2016-05-26 17:14:31,494 [Worker-0] INFO  o.e.m.c.i.embedder.EclipseLogger - Using 'UTF-8' encoding to copy filtered resources.
2016-05-26 17:14:31,495 [Worker-0] INFO  o.e.m.c.i.embedder.EclipseLogger - Copying 0 resource
2016-05-26 17:14:31,496 [Worker-0] INFO  o.e.m.c.i.embedder.EclipseLogger - Using 'UTF-8' encoding to copy filtered resources.
2016-05-26 17:14:31,496 [Worker-0] INFO  o.e.m.c.i.embedder.EclipseLogger - skip non existing resourceDirectory /Users/jinx/Documents/jobs/800_api/crowd-biz/src/test/resources
2016-05-26 17:14:32,688 [Worker-0] WARN  o.e.m.c.i.embedder.EclipseLogger - The POM for nl.justobjects.pushlet:pushlet:jar:2.0.4 is missing, no dependency information available
2016-05-26 17:14:32,818 [Worker-0] INFO  o.e.m.c.i.embedder.EclipseLogger - Using 'UTF-8' encoding to copy filtered resources.
2016-05-26 17:14:32,818 [Worker-0] INFO  o.e.m.c.i.embedder.EclipseLogger - Copying 0 resource
2016-05-26 17:14:32,819 [Worker-0] INFO  o.e.m.c.i.embedder.EclipseLogger - Copying 9 resources
2016-05-26 17:14:32,825 [Worker-0] INFO  o.e.m.c.i.embedder.EclipseLogger - Using 'UTF-8' encoding to copy filtered resources.
2016-05-26 17:14:32,825 [Worker-0] INFO  o.e.m.c.i.embedder.EclipseLogger - skip non existing resourceDirectory /Users/jinx/Documents/jobs/800_api/crowd-web/src/test/resources
2016-05-26 17:14:45,997 [Worker-4] INFO  o.e.m.c.i.embedder.EclipseLogger - Using 'UTF-8' encoding to copy filtered resources.
2016-05-26 17:14:46,000 [Worker-4] INFO  o.e.m.c.i.embedder.EclipseLogger - Copying 0 resource
2016-05-26 17:14:46,002 [Worker-4] INFO  o.e.m.c.i.embedder.EclipseLogger - Using 'UTF-8' encoding to copy filtered resources.
2016-05-26 17:14:46,002 [Worker-4] INFO  o.e.m.c.i.embedder.EclipseLogger - skip non existing resourceDirectory /Users/jinx/Documents/jobs/800_api/crowd-biz/src/test/resources
2016-05-26 17:14:56,308 [Worker-3] INFO  o.e.m.c.i.embedder.EclipseLogger - Using 'UTF-8' encoding to copy filtered resources.
2016-05-26 17:14:56,308 [Worker-3] INFO  o.e.m.c.i.embedder.EclipseLogger - Copying 0 resource
2016-05-26 17:14:56,310 [Worker-3] INFO  o.e.m.c.i.embedder.EclipseLogger - Using 'UTF-8' encoding to copy filtered resources.
2016-05-26 17:14:56,310 [Worker-3] INFO  o.e.m.c.i.embedder.EclipseLogger - skip non existing resourceDirectory /Users/jinx/Documents/jobs/800_api/crowd-common/src/test/resources
2016-05-26 17:15:05,462 [Worker-2] INFO  o.e.m.c.i.embedder.EclipseLogger - Using 'UTF-8' encoding to copy filtered resources.
2016-05-26 17:15:05,462 [Worker-2] INFO  o.e.m.c.i.embedder.EclipseLogger - Copying 0 resource
2016-05-26 17:15:05,464 [Worker-2] INFO  o.e.m.c.i.embedder.EclipseLogger - Using 'UTF-8' encoding to copy filtered resources.
2016-05-26 17:15:05,464 [Worker-2] INFO  o.e.m.c.i.embedder.EclipseLogger - skip non existing resourceDirectory /Users/jinx/Documents/jobs/800_api/crowd-dal/src/test/resources
2016-05-26 17:15:05,775 [Worker-9] INFO  o.e.m.c.i.embedder.EclipseLogger - Using 'UTF-8' encoding to copy filtered resources.
2016-05-26 17:15:05,776 [Worker-9] INFO  o.e.m.c.i.embedder.EclipseLogger - Copying 0 resource
2016-05-26 17:15:05,778 [Worker-9] INFO  o.e.m.c.i.embedder.EclipseLogger - Using 'UTF-8' encoding to copy filtered resources.
2016-05-26 17:15:05,778 [Worker-9] INFO  o.e.m.c.i.embedder.EclipseLogger - skip non existing resourceDirectory /Users/jinx/Documents/jobs/800_api/crowd-biz/src/test/resources
2016-05-26 17:15:20,798 [Worker-2] INFO  o.e.m.c.i.embedder.EclipseLogger - Using 'UTF-8' encoding to copy filtered resources.
2016-05-26 17:15:20,800 [Worker-2] INFO  o.e.m.c.i.embedder.EclipseLogger - Copying 0 resource
2016-05-26 17:15:20,801 [Worker-2] INFO  o.e.m.c.i.embedder.EclipseLogger - Copying 9 resources
2016-05-26 17:15:20,803 [Worker-2] INFO  o.e.m.c.i.embedder.EclipseLogger - Using 'UTF-8' encoding to copy filtered resources.
2016-05-26 17:15:20,803 [Worker-2] INFO  o.e.m.c.i.embedder.EclipseLogger - skip non existing resourceDirectory /Users/jinx/Documents/jobs/800_api/crowd-web/src/test/resources
2016-05-27 16:32:36,500 [Worker-3] WARN  o.e.m.c.i.embedder.EclipseLogger - The POM for nl.justobjects.pushlet:pushlet:jar:2.0.4 is missing, no dependency information available
2016-05-27 16:32:36,936 [Worker-3] INFO  o.e.m.c.i.embedder.EclipseLogger - Using 'UTF-8' encoding to copy filtered resources.
2016-05-27 16:32:36,939 [Worker-3] INFO  o.e.m.c.i.embedder.EclipseLogger - Copying 0 resource
2016-05-27 16:32:36,943 [Worker-3] INFO  o.e.m.c.i.embedder.EclipseLogger - Using 'UTF-8' encoding to copy filtered resources.
2016-05-27 16:32:36,943 [Worker-3] INFO  o.e.m.c.i.embedder.EclipseLogger - skip non existing resourceDirectory /Users/jinx/Documents/jobs/800_api/crowd-common/src/test/resources
2016-05-27 16:32:37,675 [Worker-3] WARN  o.e.m.c.i.embedder.EclipseLogger - The POM for nl.justobjects.pushlet:pushlet:jar:2.0.4 is missing, no dependency information available
2016-05-27 16:32:37,763 [Worker-3] INFO  o.e.m.c.i.embedder.EclipseLogger - Using 'UTF-8' encoding to copy filtered resources.
2016-05-27 16:32:37,763 [Worker-3] INFO  o.e.m.c.i.embedder.EclipseLogger - Copying 0 resource
2016-05-27 16:32:37,764 [Worker-3] INFO  o.e.m.c.i.embedder.EclipseLogger - Using 'UTF-8' encoding to copy filtered resources.
2016-05-27 16:32:37,765 [Worker-3] INFO  o.e.m.c.i.embedder.EclipseLogger - skip non existing resourceDirectory /Users/jinx/Documents/jobs/800_api/crowd-dal/src/test/resources
2016-05-27 16:32:38,126 [Worker-3] WARN  o.e.m.c.i.embedder.EclipseLogger - The POM for nl.justobjects.pushlet:pushlet:jar:2.0.4 is missing, no dependency information available
2016-05-27 16:32:38,240 [Worker-3] INFO  o.e.m.c.i.embedder.EclipseLogger - Using 'UTF-8' encoding to copy filtered resources.
2016-05-27 16:32:38,240 [Worker-3] INFO  o.e.m.c.i.embedder.EclipseLogger - Copying 0 resource
2016-05-27 16:32:38,241 [Worker-3] INFO  o.e.m.c.i.embedder.EclipseLogger - Using 'UTF-8' encoding to copy filtered resources.
2016-05-27 16:32:38,241 [Worker-3] INFO  o.e.m.c.i.embedder.EclipseLogger - skip non existing resourceDirectory /Users/jinx/Documents/jobs/800_api/crowd-biz/src/test/resources
2016-05-27 16:32:40,099 [Worker-6] WARN  o.e.m.c.i.embedder.EclipseLogger - The POM for nl.justobjects.pushlet:pushlet:jar:2.0.4 is missing, no dependency information available
2016-05-27 16:32:40,224 [Worker-6] INFO  o.e.m.c.i.embedder.EclipseLogger - Using 'UTF-8' encoding to copy filtered resources.
2016-05-27 16:32:40,225 [Worker-6] INFO  o.e.m.c.i.embedder.EclipseLogger - Copying 0 resource
2016-05-27 16:32:40,225 [Worker-6] INFO  o.e.m.c.i.embedder.EclipseLogger - Copying 9 resources
2016-05-27 16:32:40,233 [Worker-6] INFO  o.e.m.c.i.embedder.EclipseLogger - Using 'UTF-8' encoding to copy filtered resources.
2016-05-27 16:32:40,233 [Worker-6] INFO  o.e.m.c.i.embedder.EclipseLogger - skip non existing resourceDirectory /Users/jinx/Documents/jobs/800_api/crowd-web/src/test/resources
2016-05-27 16:32:54,656 [Worker-15] INFO  o.e.m.c.i.embedder.EclipseLogger - Using 'UTF-8' encoding to copy filtered resources.
2016-05-27 16:32:54,660 [Worker-15] INFO  o.e.m.c.i.embedder.EclipseLogger - Copying 0 resource
2016-05-27 16:32:54,661 [Worker-15] INFO  o.e.m.c.i.embedder.EclipseLogger - Using 'UTF-8' encoding to copy filtered resources.
2016-05-27 16:32:54,661 [Worker-15] INFO  o.e.m.c.i.embedder.EclipseLogger - skip non existing resourceDirectory /Users/jinx/Documents/jobs/800_api/crowd-biz/src/test/resources
2016-05-27 16:33:04,336 [Worker-11] INFO  o.e.m.c.i.embedder.EclipseLogger - Using 'UTF-8' encoding to copy filtered resources.
2016-05-27 16:33:04,337 [Worker-11] INFO  o.e.m.c.i.embedder.EclipseLogger - Copying 0 resource
2016-05-27 16:33:04,338 [Worker-11] INFO  o.e.m.c.i.embedder.EclipseLogger - Using 'UTF-8' encoding to copy filtered resources.
2016-05-27 16:33:04,338 [Worker-11] INFO  o.e.m.c.i.embedder.EclipseLogger - skip non existing resourceDirectory /Users/jinx/Documents/jobs/800_api/crowd-common/src/test/resources
2016-05-27 16:33:13,370 [Worker-1] INFO  o.e.m.c.i.embedder.EclipseLogger - Using 'UTF-8' encoding to copy filtered resources.
2016-05-27 16:33:13,371 [Worker-1] INFO  o.e.m.c.i.embedder.EclipseLogger - Copying 0 resource
2016-05-27 16:33:13,372 [Worker-1] INFO  o.e.m.c.i.embedder.EclipseLogger - Using 'UTF-8' encoding to copy filtered resources.
2016-05-27 16:33:13,372 [Worker-1] INFO  o.e.m.c.i.embedder.EclipseLogger - skip non existing resourceDirectory /Users/jinx/Documents/jobs/800_api/crowd-dal/src/test/resources
2016-05-27 16:33:13,400 [Worker-1] INFO  o.e.m.c.i.embedder.EclipseLogger - Using 'UTF-8' encoding to copy filtered resources.
2016-05-27 16:33:13,401 [Worker-1] INFO  o.e.m.c.i.embedder.EclipseLogger - Copying 0 resource
2016-05-27 16:33:13,403 [Worker-1] INFO  o.e.m.c.i.embedder.EclipseLogger - Using 'UTF-8' encoding to copy filtered resources.
2016-05-27 16:33:13,403 [Worker-1] INFO  o.e.m.c.i.embedder.EclipseLogger - skip non existing resourceDirectory /Users/jinx/Documents/jobs/800_api/crowd-biz/src/test/resources
2016-05-27 16:33:25,741 [Worker-5] INFO  o.e.m.c.i.embedder.EclipseLogger - Using 'UTF-8' encoding to copy filtered resources.
2016-05-27 16:33:25,742 [Worker-5] INFO  o.e.m.c.i.embedder.EclipseLogger - Copying 0 resource
2016-05-27 16:33:25,744 [Worker-5] INFO  o.e.m.c.i.embedder.EclipseLogger - Copying 9 resources
2016-05-27 16:33:25,745 [Worker-5] INFO  o.e.m.c.i.embedder.EclipseLogger - Using 'UTF-8' encoding to copy filtered resources.
2016-05-27 16:33:25,745 [Worker-5] INFO  o.e.m.c.i.embedder.EclipseLogger - skip non existing resourceDirectory /Users/jinx/Documents/jobs/800_api/crowd-web/src/test/resources
2016-05-27 17:50:01,376 [Worker-46] INFO  o.e.m.c.i.embedder.EclipseLogger - Using 'UTF-8' encoding to copy filtered resources.
2016-05-27 17:50:01,377 [Worker-46] INFO  o.e.m.c.i.embedder.EclipseLogger - Copying 0 resource
2016-05-27 17:50:01,378 [Worker-46] INFO  o.e.m.c.i.embedder.EclipseLogger - Copying 9 resources
2016-05-27 17:50:01,379 [Worker-46] INFO  o.e.m.c.i.embedder.EclipseLogger - Using 'UTF-8' encoding to copy filtered resources.
2016-05-27 17:50:01,379 [Worker-46] INFO  o.e.m.c.i.embedder.EclipseLogger - skip non existing resourceDirectory /Users/jinx/Documents/jobs/800_api/crowd-web/src/test/resources
2016-05-27 17:52:28,266 [Worker-50] INFO  o.e.m.c.i.embedder.EclipseLogger - Using 'UTF-8' encoding to copy filtered resources.
2016-05-27 17:52:28,267 [Worker-50] INFO  o.e.m.c.i.embedder.EclipseLogger - Copying 0 resource
2016-05-27 17:52:28,268 [Worker-50] INFO  o.e.m.c.i.embedder.EclipseLogger - Copying 9 resources
2016-05-27 17:52:28,269 [Worker-50] INFO  o.e.m.c.i.embedder.EclipseLogger - Using 'UTF-8' encoding to copy filtered resources.
2016-05-27 17:52:28,269 [Worker-50] INFO  o.e.m.c.i.embedder.EclipseLogger - skip non existing resourceDirectory /Users/jinx/Documents/jobs/800_api/crowd-web/src/test/resources
2016-05-27 17:52:57,245 [Worker-41] INFO  o.e.m.c.i.embedder.EclipseLogger - Using 'UTF-8' encoding to copy filtered resources.
2016-05-27 17:52:57,247 [Worker-41] INFO  o.e.m.c.i.embedder.EclipseLogger - Copying 0 resource
2016-05-27 17:52:57,247 [Worker-41] INFO  o.e.m.c.i.embedder.EclipseLogger - Copying 9 resources
2016-05-27 17:52:57,249 [Worker-41] INFO  o.e.m.c.i.embedder.EclipseLogger - Using 'UTF-8' encoding to copy filtered resources.
2016-05-27 17:52:57,249 [Worker-41] INFO  o.e.m.c.i.embedder.EclipseLogger - skip non existing resourceDirectory /Users/jinx/Documents/jobs/800_api/crowd-web/src/test/resources
2016-05-27 17:56:31,848 [Worker-50] INFO  o.e.m.c.i.embedder.EclipseLogger - Using 'UTF-8' encoding to copy filtered resources.
2016-05-27 17:56:31,849 [Worker-50] INFO  o.e.m.c.i.embedder.EclipseLogger - Copying 0 resource
2016-05-27 17:56:31,850 [Worker-50] INFO  o.e.m.c.i.embedder.EclipseLogger - Copying 9 resources
2016-05-27 17:56:31,851 [Worker-50] INFO  o.e.m.c.i.embedder.EclipseLogger - Using 'UTF-8' encoding to copy filtered resources.
2016-05-27 17:56:31,851 [Worker-50] INFO  o.e.m.c.i.embedder.EclipseLogger - skip non existing resourceDirectory /Users/jinx/Documents/jobs/800_api/crowd-web/src/test/resources
2016-05-27 18:05:02,306 [Worker-57] INFO  o.e.m.c.i.embedder.EclipseLogger - Using 'UTF-8' encoding to copy filtered resources.
2016-05-27 18:05:02,307 [Worker-57] INFO  o.e.m.c.i.embedder.EclipseLogger - Copying 0 resource
2016-05-27 18:05:02,308 [Worker-57] INFO  o.e.m.c.i.embedder.EclipseLogger - Copying 9 resources
2016-05-27 18:05:02,309 [Worker-57] INFO  o.e.m.c.i.embedder.EclipseLogger - Using 'UTF-8' encoding to copy filtered resources.
2016-05-27 18:05:02,309 [Worker-57] INFO  o.e.m.c.i.embedder.EclipseLogger - skip non existing resourceDirectory /Users/jinx/Documents/jobs/800_api/crowd-web/src/test/resources
2016-05-27 18:18:07,021 [Worker-72] INFO  o.e.m.c.i.embedder.EclipseLogger - Using 'UTF-8' encoding to copy filtered resources.
2016-05-27 18:18:07,022 [Worker-72] INFO  o.e.m.c.i.embedder.EclipseLogger - Copying 0 resource
2016-05-27 18:18:07,023 [Worker-72] INFO  o.e.m.c.i.embedder.EclipseLogger - Copying 9 resources
2016-05-27 18:18:07,024 [Worker-72] INFO  o.e.m.c.i.embedder.EclipseLogger - Using 'UTF-8' encoding to copy filtered resources.
2016-05-27 18:18:07,024 [Worker-72] INFO  o.e.m.c.i.embedder.EclipseLogger - skip non existing resourceDirectory /Users/jinx/Documents/jobs/800_api/crowd-web/src/test/resources
2016-05-30 18:21:44,975 [Worker-9] WARN  o.e.m.c.i.embedder.EclipseLogger - The POM for nl.justobjects.pushlet:pushlet:jar:2.0.4 is missing, no dependency information available
2016-05-30 18:21:45,468 [Worker-9] INFO  o.e.m.c.i.embedder.EclipseLogger - Using 'UTF-8' encoding to copy filtered resources.
2016-05-30 18:21:45,473 [Worker-9] INFO  o.e.m.c.i.embedder.EclipseLogger - Copying 0 resource
2016-05-30 18:21:45,474 [Worker-9] INFO  o.e.m.c.i.embedder.EclipseLogger - Copying 9 resources
2016-05-30 18:21:45,481 [Worker-9] INFO  o.e.m.c.i.embedder.EclipseLogger - Using 'UTF-8' encoding to copy filtered resources.
2016-05-30 18:21:45,482 [Worker-9] INFO  o.e.m.c.i.embedder.EclipseLogger - skip non existing resourceDirectory /Users/jinx/Documents/jobs/800_api/crowd-web/src/test/resources
2016-05-30 18:22:04,887 [Worker-11] WARN  o.e.m.c.i.embedder.EclipseLogger - The POM for nl.justobjects.pushlet:pushlet:jar:2.0.4 is missing, no dependency information available
2016-05-30 18:22:05,003 [Worker-11] INFO  o.e.m.c.i.embedder.EclipseLogger - Using 'UTF-8' encoding to copy filtered resources.
2016-05-30 18:22:05,003 [Worker-11] INFO  o.e.m.c.i.embedder.EclipseLogger - Copying 0 resource
2016-05-30 18:22:05,004 [Worker-11] INFO  o.e.m.c.i.embedder.EclipseLogger - Using 'UTF-8' encoding to copy filtered resources.
2016-05-30 18:22:05,004 [Worker-11] INFO  o.e.m.c.i.embedder.EclipseLogger - skip non existing resourceDirectory /Users/jinx/Documents/jobs/800_api/crowd-biz/src/test/resources
2016-05-30 18:22:46,686 [Worker-7] WARN  o.e.m.c.i.embedder.EclipseLogger - The POM for nl.justobjects.pushlet:pushlet:jar:2.0.4 is missing, no dependency information available
2016-05-30 18:22:46,774 [Worker-7] INFO  o.e.m.c.i.embedder.EclipseLogger - Using 'UTF-8' encoding to copy filtered resources.
2016-05-30 18:22:46,775 [Worker-7] INFO  o.e.m.c.i.embedder.EclipseLogger - Copying 0 resource
2016-05-30 18:22:46,776 [Worker-7] INFO  o.e.m.c.i.embedder.EclipseLogger - Using 'UTF-8' encoding to copy filtered resources.
2016-05-30 18:22:46,776 [Worker-7] INFO  o.e.m.c.i.embedder.EclipseLogger - skip non existing resourceDirectory /Users/jinx/Documents/jobs/800_api/crowd-dal/src/test/resources
2016-05-30 18:22:46,842 [Worker-7] INFO  o.e.m.c.i.embedder.EclipseLogger - Using 'UTF-8' encoding to copy filtered resources.
2016-05-30 18:22:46,846 [Worker-7] INFO  o.e.m.c.i.embedder.EclipseLogger - Copying 0 resource
2016-05-30 18:22:46,847 [Worker-7] INFO  o.e.m.c.i.embedder.EclipseLogger - Using 'UTF-8' encoding to copy filtered resources.
2016-05-30 18:22:46,847 [Worker-7] INFO  o.e.m.c.i.embedder.EclipseLogger - skip non existing resourceDirectory /Users/jinx/Documents/jobs/800_api/crowd-biz/src/test/resources
2016-05-30 18:22:56,805 [Worker-5] INFO  o.e.m.c.i.embedder.EclipseLogger - Using 'UTF-8' encoding to copy filtered resources.
2016-05-30 18:22:56,806 [Worker-5] INFO  o.e.m.c.i.embedder.EclipseLogger - Copying 0 resource
2016-05-30 18:22:56,808 [Worker-5] INFO  o.e.m.c.i.embedder.EclipseLogger - Copying 9 resources
2016-05-30 18:22:56,810 [Worker-5] INFO  o.e.m.c.i.embedder.EclipseLogger - Using 'UTF-8' encoding to copy filtered resources.
2016-05-30 18:22:56,810 [Worker-5] INFO  o.e.m.c.i.embedder.EclipseLogger - skip non existing resourceDirectory /Users/jinx/Documents/jobs/800_api/crowd-web/src/test/resources
2016-05-31 18:16:57,623 [Worker-1] WARN  o.e.m.c.i.embedder.EclipseLogger - The POM for nl.justobjects.pushlet:pushlet:jar:2.0.4 is missing, no dependency information available
2016-05-31 18:16:58,453 [Worker-1] INFO  o.e.m.c.i.embedder.EclipseLogger - Using 'UTF-8' encoding to copy filtered resources.
2016-05-31 18:16:58,457 [Worker-1] INFO  o.e.m.c.i.embedder.EclipseLogger - Copying 0 resource
2016-05-31 18:16:58,458 [Worker-1] INFO  o.e.m.c.i.embedder.EclipseLogger - Copying 9 resources
2016-05-31 18:16:58,464 [Worker-1] INFO  o.e.m.c.i.embedder.EclipseLogger - Using 'UTF-8' encoding to copy filtered resources.
2016-05-31 18:16:58,464 [Worker-1] INFO  o.e.m.c.i.embedder.EclipseLogger - skip non existing resourceDirectory /Users/jinx/Documents/jobs/800_api/crowd-web/src/test/resources
2016-05-31 18:17:23,983 [Worker-2] INFO  o.e.m.c.i.embedder.EclipseLogger - Using 'UTF-8' encoding to copy filtered resources.
2016-05-31 18:17:23,988 [Worker-2] INFO  o.e.m.c.i.embedder.EclipseLogger - Copying 0 resource
2016-05-31 18:17:23,990 [Worker-2] INFO  o.e.m.c.i.embedder.EclipseLogger - Copying 9 resources
2016-05-31 18:17:23,991 [Worker-2] INFO  o.e.m.c.i.embedder.EclipseLogger - Using 'UTF-8' encoding to copy filtered resources.
2016-05-31 18:17:23,991 [Worker-2] INFO  o.e.m.c.i.embedder.EclipseLogger - skip non existing resourceDirectory /Users/jinx/Documents/jobs/800_api/crowd-web/src/test/resources
2016-05-31 18:17:35,728 [Worker-16] WARN  o.e.m.c.i.embedder.EclipseLogger - The POM for nl.justobjects.pushlet:pushlet:jar:2.0.4 is missing, no dependency information available
2016-05-31 18:17:35,822 [Worker-16] INFO  o.e.m.c.i.embedder.EclipseLogger - Using 'UTF-8' encoding to copy filtered resources.
2016-05-31 18:17:35,822 [Worker-16] INFO  o.e.m.c.i.embedder.EclipseLogger - Copying 0 resource
2016-05-31 18:17:35,824 [Worker-16] INFO  o.e.m.c.i.embedder.EclipseLogger - Using 'UTF-8' encoding to copy filtered resources.
2016-05-31 18:17:35,824 [Worker-16] INFO  o.e.m.c.i.embedder.EclipseLogger - skip non existing resourceDirectory /Users/jinx/Documents/jobs/800_api/crowd-dal/src/test/resources
2016-05-31 18:17:45,548 [Worker-2] WARN  o.e.m.c.i.embedder.EclipseLogger - The POM for nl.justobjects.pushlet:pushlet:jar:2.0.4 is missing, no dependency information available
2016-05-31 18:17:45,626 [Worker-2] INFO  o.e.m.c.i.embedder.EclipseLogger - Using 'UTF-8' encoding to copy filtered resources.
2016-05-31 18:17:45,626 [Worker-2] INFO  o.e.m.c.i.embedder.EclipseLogger - Copying 0 resource
2016-05-31 18:17:45,628 [Worker-2] INFO  o.e.m.c.i.embedder.EclipseLogger - Using 'UTF-8' encoding to copy filtered resources.
2016-05-31 18:17:45,628 [Worker-2] INFO  o.e.m.c.i.embedder.EclipseLogger - skip non existing resourceDirectory /Users/jinx/Documents/jobs/800_api/crowd-common/src/test/resources
2016-05-31 18:17:56,647 [Worker-18] WARN  o.e.m.c.i.embedder.EclipseLogger - The POM for nl.justobjects.pushlet:pushlet:jar:2.0.4 is missing, no dependency information available
2016-05-31 18:17:56,734 [Worker-18] INFO  o.e.m.c.i.embedder.EclipseLogger - Using 'UTF-8' encoding to copy filtered resources.
2016-05-31 18:17:56,735 [Worker-18] INFO  o.e.m.c.i.embedder.EclipseLogger - Copying 0 resource
2016-05-31 18:17:56,736 [Worker-18] INFO  o.e.m.c.i.embedder.EclipseLogger - Using 'UTF-8' encoding to copy filtered resources.
2016-05-31 18:17:56,736 [Worker-18] INFO  o.e.m.c.i.embedder.EclipseLogger - skip non existing resourceDirectory /Users/jinx/Documents/jobs/800_api/crowd-biz/src/test/resources
2016-05-31 18:17:56,831 [Worker-18] INFO  o.e.m.c.i.embedder.EclipseLogger - Using 'UTF-8' encoding to copy filtered resources.
2016-05-31 18:17:56,833 [Worker-18] INFO  o.e.m.c.i.embedder.EclipseLogger - Copying 0 resource
2016-05-31 18:17:56,833 [Worker-18] INFO  o.e.m.c.i.embedder.EclipseLogger - Copying 9 resources
2016-05-31 18:17:56,835 [Worker-18] INFO  o.e.m.c.i.embedder.EclipseLogger - Using 'UTF-8' encoding to copy filtered resources.
2016-05-31 18:17:56,835 [Worker-18] INFO  o.e.m.c.i.embedder.EclipseLogger - skip non existing resourceDirectory /Users/jinx/Documents/jobs/800_api/crowd-web/src/test/resources
2016-06-02 14:17:23,597 [Worker-0] WARN  o.e.m.c.i.embedder.EclipseLogger - The POM for nl.justobjects.pushlet:pushlet:jar:2.0.4 is missing, no dependency information available
2016-06-02 14:17:24,079 [Worker-0] INFO  o.e.m.c.i.embedder.EclipseLogger - Using 'UTF-8' encoding to copy filtered resources.
2016-06-02 14:17:24,083 [Worker-0] INFO  o.e.m.c.i.embedder.EclipseLogger - Copying 0 resource
2016-06-02 14:17:24,084 [Worker-0] INFO  o.e.m.c.i.embedder.EclipseLogger - Copying 9 resources
2016-06-02 14:17:24,090 [Worker-0] INFO  o.e.m.c.i.embedder.EclipseLogger - Using 'UTF-8' encoding to copy filtered resources.
2016-06-02 14:17:24,090 [Worker-0] INFO  o.e.m.c.i.embedder.EclipseLogger - skip non existing resourceDirectory /Users/jinx/Documents/jobs/800_api/crowd-web/src/test/resources
2016-06-02 14:17:49,081 [Worker-9] WARN  o.e.m.c.i.embedder.EclipseLogger - The POM for nl.justobjects.pushlet:pushlet:jar:2.0.4 is missing, no dependency information available
2016-06-02 14:17:49,204 [Worker-9] INFO  o.e.m.c.i.embedder.EclipseLogger - Using 'UTF-8' encoding to copy filtered resources.
2016-06-02 14:17:49,204 [Worker-9] INFO  o.e.m.c.i.embedder.EclipseLogger - Copying 0 resource
2016-06-02 14:17:49,205 [Worker-9] INFO  o.e.m.c.i.embedder.EclipseLogger - Using 'UTF-8' encoding to copy filtered resources.
2016-06-02 14:17:49,205 [Worker-9] INFO  o.e.m.c.i.embedder.EclipseLogger - skip non existing resourceDirectory /Users/jinx/Documents/jobs/800_api/crowd-biz/src/test/resources
2016-06-02 14:17:58,556 [Worker-13] WARN  o.e.m.c.i.embedder.EclipseLogger - The POM for nl.justobjects.pushlet:pushlet:jar:2.0.4 is missing, no dependency information available
2016-06-02 14:17:58,636 [Worker-13] INFO  o.e.m.c.i.embedder.EclipseLogger - Using 'UTF-8' encoding to copy filtered resources.
2016-06-02 14:17:58,636 [Worker-13] INFO  o.e.m.c.i.embedder.EclipseLogger - Copying 0 resource
2016-06-02 14:17:58,637 [Worker-13] INFO  o.e.m.c.i.embedder.EclipseLogger - Using 'UTF-8' encoding to copy filtered resources.
2016-06-02 14:17:58,637 [Worker-13] INFO  o.e.m.c.i.embedder.EclipseLogger - skip non existing resourceDirectory /Users/jinx/Documents/jobs/800_api/crowd-common/src/test/resources
2016-06-02 14:18:16,688 [Worker-3] WARN  o.e.m.c.i.embedder.EclipseLogger - The POM for nl.justobjects.pushlet:pushlet:jar:2.0.4 is missing, no dependency information available
2016-06-02 14:18:16,775 [Worker-3] INFO  o.e.m.c.i.embedder.EclipseLogger - Using 'UTF-8' encoding to copy filtered resources.
2016-06-02 14:18:16,775 [Worker-3] INFO  o.e.m.c.i.embedder.EclipseLogger - Copying 0 resource
2016-06-02 14:18:16,777 [Worker-3] INFO  o.e.m.c.i.embedder.EclipseLogger - Using 'UTF-8' encoding to copy filtered resources.
2016-06-02 14:18:16,777 [Worker-3] INFO  o.e.m.c.i.embedder.EclipseLogger - skip non existing resourceDirectory /Users/jinx/Documents/jobs/800_api/crowd-dal/src/test/resources
2016-06-02 14:18:16,900 [Worker-3] INFO  o.e.m.c.i.embedder.EclipseLogger - Using 'UTF-8' encoding to copy filtered resources.
2016-06-02 14:18:16,903 [Worker-3] INFO  o.e.m.c.i.embedder.EclipseLogger - Copying 0 resource
2016-06-02 14:18:16,904 [Worker-3] INFO  o.e.m.c.i.embedder.EclipseLogger - Using 'UTF-8' encoding to copy filtered resources.
2016-06-02 14:18:16,905 [Worker-3] INFO  o.e.m.c.i.embedder.EclipseLogger - skip non existing resourceDirectory /Users/jinx/Documents/jobs/800_api/crowd-biz/src/test/resources
2016-06-02 14:18:29,778 [Worker-1] INFO  o.e.m.c.i.embedder.EclipseLogger - Using 'UTF-8' encoding to copy filtered resources.
2016-06-02 14:18:29,780 [Worker-1] INFO  o.e.m.c.i.embedder.EclipseLogger - Copying 0 resource
2016-06-02 14:18:29,782 [Worker-1] INFO  o.e.m.c.i.embedder.EclipseLogger - Copying 9 resources
2016-06-02 14:18:29,784 [Worker-1] INFO  o.e.m.c.i.embedder.EclipseLogger - Using 'UTF-8' encoding to copy filtered resources.
2016-06-02 14:18:29,784 [Worker-1] INFO  o.e.m.c.i.embedder.EclipseLogger - skip non existing resourceDirectory /Users/jinx/Documents/jobs/800_api/crowd-web/src/test/resources
2016-06-11 22:33:54,380 [Worker-5] WARN  o.e.m.c.i.embedder.EclipseLogger - The POM for nl.justobjects.pushlet:pushlet:jar:2.0.4 is missing, no dependency information available
2016-06-11 22:33:54,876 [Worker-5] INFO  o.e.m.c.i.embedder.EclipseLogger - Using 'UTF-8' encoding to copy filtered resources.
2016-06-11 22:33:54,881 [Worker-5] INFO  o.e.m.c.i.embedder.EclipseLogger - Copying 0 resource
2016-06-11 22:33:54,882 [Worker-5] INFO  o.e.m.c.i.embedder.EclipseLogger - Copying 9 resources
2016-06-11 22:33:54,889 [Worker-5] INFO  o.e.m.c.i.embedder.EclipseLogger - Using 'UTF-8' encoding to copy filtered resources.
2016-06-11 22:33:54,889 [Worker-5] INFO  o.e.m.c.i.embedder.EclipseLogger - skip non existing resourceDirectory /Users/jinx/Documents/jobs/800_api/crowd-web/src/test/resources
2016-07-01 10:55:58,967 [Worker-5] WARN  o.e.m.c.i.embedder.EclipseLogger - The POM for nl.justobjects.pushlet:pushlet:jar:2.0.4 is missing, no dependency information available
2016-07-01 10:55:59,495 [Worker-5] INFO  o.e.m.c.i.embedder.EclipseLogger - Using 'UTF-8' encoding to copy filtered resources.
2016-07-01 10:55:59,500 [Worker-5] INFO  o.e.m.c.i.embedder.EclipseLogger - Copying 0 resource
2016-07-01 10:55:59,501 [Worker-5] INFO  o.e.m.c.i.embedder.EclipseLogger - Copying 9 resources
2016-07-01 10:55:59,508 [Worker-5] INFO  o.e.m.c.i.embedder.EclipseLogger - Using 'UTF-8' encoding to copy filtered resources.
2016-07-01 10:55:59,509 [Worker-5] INFO  o.e.m.c.i.embedder.EclipseLogger - skip non existing resourceDirectory /Users/jinx/Documents/jobs/800_api/crowd-web/src/test/resources
2016-07-01 10:56:07,360 [Worker-8] INFO  o.e.m.c.i.embedder.EclipseLogger - Using 'UTF-8' encoding to copy filtered resources.
2016-07-01 10:56:07,364 [Worker-8] INFO  o.e.m.c.i.embedder.EclipseLogger - Copying 0 resource
2016-07-01 10:56:07,364 [Worker-8] INFO  o.e.m.c.i.embedder.EclipseLogger - Copying 0 resource
2016-07-01 10:56:07,365 [Worker-8] INFO  o.e.m.c.i.embedder.EclipseLogger - Using 'UTF-8' encoding to copy filtered resources.
2016-07-01 10:56:07,366 [Worker-8] INFO  o.e.m.c.i.embedder.EclipseLogger - skip non existing resourceDirectory /Users/jinx/Documents/jobs/800_api/crowd-web/src/test/resources
2016-07-01 11:40:15,293 [Worker-0] WARN  o.e.m.c.i.embedder.EclipseLogger - The POM for nl.justobjects.pushlet:pushlet:jar:2.0.4 is missing, no dependency information available
2016-07-01 11:40:15,706 [Worker-0] INFO  o.e.m.c.i.embedder.EclipseLogger - Using 'UTF-8' encoding to copy filtered resources.
2016-07-01 11:40:15,711 [Worker-0] INFO  o.e.m.c.i.embedder.EclipseLogger - Copying 0 resource
2016-07-01 11:40:15,714 [Worker-0] INFO  o.e.m.c.i.embedder.EclipseLogger - Using 'UTF-8' encoding to copy filtered resources.
2016-07-01 11:40:15,715 [Worker-0] INFO  o.e.m.c.i.embedder.EclipseLogger - skip non existing resourceDirectory /Users/jinx/Documents/jobs/800_api/crowd-common/src/test/resources
2016-07-01 11:40:16,930 [Worker-11] WARN  o.e.m.c.i.embedder.EclipseLogger - The POM for nl.justobjects.pushlet:pushlet:jar:2.0.4 is missing, no dependency information available
2016-07-01 11:40:17,008 [Worker-11] INFO  o.e.m.c.i.embedder.EclipseLogger - Using 'UTF-8' encoding to copy filtered resources.
2016-07-01 11:40:17,008 [Worker-11] INFO  o.e.m.c.i.embedder.EclipseLogger - Copying 0 resource
2016-07-01 11:40:17,010 [Worker-11] INFO  o.e.m.c.i.embedder.EclipseLogger - Using 'UTF-8' encoding to copy filtered resources.
2016-07-01 11:40:17,010 [Worker-11] INFO  o.e.m.c.i.embedder.EclipseLogger - skip non existing resourceDirectory /Users/jinx/Documents/jobs/800_api/crowd-dal/src/test/resources
2016-07-01 11:40:17,223 [Worker-11] WARN  o.e.m.c.i.embedder.EclipseLogger - The POM for nl.justobjects.pushlet:pushlet:jar:2.0.4 is missing, no dependency information available
2016-07-01 11:40:17,292 [Worker-11] INFO  o.e.m.c.i.embedder.EclipseLogger - Using 'UTF-8' encoding to copy filtered resources.
2016-07-01 11:40:17,292 [Worker-11] INFO  o.e.m.c.i.embedder.EclipseLogger - Copying 0 resource
2016-07-01 11:40:17,293 [Worker-11] INFO  o.e.m.c.i.embedder.EclipseLogger - Using 'UTF-8' encoding to copy filtered resources.
2016-07-01 11:40:17,293 [Worker-11] INFO  o.e.m.c.i.embedder.EclipseLogger - skip non existing resourceDirectory /Users/jinx/Documents/jobs/800_api/crowd-biz/src/test/resources
2016-07-01 11:40:17,765 [Worker-11] WARN  o.e.m.c.i.embedder.EclipseLogger - The POM for nl.justobjects.pushlet:pushlet:jar:2.0.4 is missing, no dependency information available
2016-07-01 11:40:17,857 [Worker-11] INFO  o.e.m.c.i.embedder.EclipseLogger - Using 'UTF-8' encoding to copy filtered resources.
2016-07-01 11:40:17,858 [Worker-11] INFO  o.e.m.c.i.embedder.EclipseLogger - Copying 0 resource
2016-07-01 11:40:17,859 [Worker-11] INFO  o.e.m.c.i.embedder.EclipseLogger - Copying 9 resources
2016-07-01 11:40:17,865 [Worker-11] INFO  o.e.m.c.i.embedder.EclipseLogger - Using 'UTF-8' encoding to copy filtered resources.
2016-07-01 11:40:17,866 [Worker-11] INFO  o.e.m.c.i.embedder.EclipseLogger - skip non existing resourceDirectory /Users/jinx/Documents/jobs/800_api/crowd-web/src/test/resources
